<?xml version="1.0" encoding="UTF-8"?>
<coverage generated="1773220692709" clover="3.2.0">
  <project timestamp="1773220692709" name="All files">
    <metrics statements="1224" coveredstatements="1066" conditionals="870" coveredconditionals="632" methods="275" coveredmethods="231" elements="2369" coveredelements="1929" complexity="0" loc="1224" ncloc="1224" packages="9" files="35" classes="35"/>
    <package name="components.approvals">
      <metrics statements="94" coveredstatements="88" conditionals="71" coveredconditionals="59" methods="22" coveredmethods="19"/>
      <file name="ApprovalsManagement.tsx" path="/home/ubuntu/duty-app/src/components/approvals/ApprovalsManagement.tsx">
        <metrics statements="94" coveredstatements="88" conditionals="71" coveredconditionals="59" methods="22" coveredmethods="19"/>
        <line num="42" count="170" type="stmt"/>
        <line num="43" count="170" type="stmt"/>
        <line num="44" count="170" type="stmt"/>
        <line num="45" count="170" type="stmt"/>
        <line num="46" count="170" type="stmt"/>
        <line num="48" count="170" type="cond" truecount="2" falsecount="0"/>
        <line num="50" count="170" type="stmt"/>
        <line num="51" count="170" type="stmt"/>
        <line num="52" count="170" type="stmt"/>
        <line num="53" count="170" type="stmt"/>
        <line num="54" count="170" type="stmt"/>
        <line num="55" count="170" type="stmt"/>
        <line num="58" count="170" type="stmt"/>
        <line num="59" count="170" type="stmt"/>
        <line num="60" count="170" type="stmt"/>
        <line num="62" count="170" type="stmt"/>
        <line num="63" count="51" type="stmt"/>
        <line num="64" count="51" type="stmt"/>
        <line num="65" count="51" type="stmt"/>
        <line num="66" count="51" type="stmt"/>
        <line num="67" count="51" type="stmt"/>
        <line num="69" count="50" type="stmt"/>
        <line num="74" count="50" type="stmt"/>
        <line num="76" count="3" type="stmt"/>
        <line num="82" count="51" type="stmt"/>
        <line num="86" count="170" type="stmt"/>
        <line num="87" count="46" type="cond" truecount="2" falsecount="0"/>
        <line num="88" count="45" type="stmt"/>
        <line num="92" count="170" type="stmt"/>
        <line num="93" count="89" type="cond" truecount="2" falsecount="0"/>
        <line num="94" count="87" type="cond" truecount="1" falsecount="1"/>
        <line num="98" count="170" type="stmt"/>
        <line num="99" count="8" type="cond" truecount="1" falsecount="1"/>
        <line num="100" count="12" type="stmt"/>
        <line num="101" count="8" type="cond" truecount="1" falsecount="1"/>
        <line num="102" count="8" type="cond" truecount="2" falsecount="0"/>
        <line num="103" count="4" type="stmt"/>
        <line num="106" count="170" type="stmt"/>
        <line num="107" count="5" type="stmt"/>
        <line num="108" count="5" type="stmt"/>
        <line num="110" count="5" type="stmt"/>
        <line num="117" count="4" type="stmt"/>
        <line num="118" count="4" type="stmt"/>
        <line num="120" count="4" type="cond" truecount="1" falsecount="1"/>
        <line num="121" count="4" type="stmt"/>
        <line num="122" count="4" type="cond" truecount="1" falsecount="1"/>
        <line num="123" count="4" type="cond" truecount="1" falsecount="1"/>
        <line num="124" count="0" type="stmt"/>
        <line num="130" count="0" type="stmt"/>
        <line num="137" count="4" type="stmt"/>
        <line num="138" count="4" type="cond" truecount="1" falsecount="1"/>
        <line num="139" count="5" type="cond" truecount="1" falsecount="1"/>
        <line num="141" count="5" type="stmt"/>
        <line num="142" count="5" type="stmt"/>
        <line num="143" count="5" type="stmt"/>
        <line num="161" count="0" type="stmt"/>
        <line num="165" count="4" type="stmt"/>
        <line num="170" count="4" type="stmt"/>
        <line num="172" count="1" type="stmt"/>
        <line num="178" count="5" type="stmt"/>
        <line num="182" count="170" type="stmt"/>
        <line num="183" count="3" type="cond" truecount="1" falsecount="1"/>
        <line num="185" count="3" type="stmt"/>
        <line num="186" count="3" type="stmt"/>
        <line num="187" count="3" type="stmt"/>
        <line num="194" count="2" type="stmt"/>
        <line num="199" count="2" type="stmt"/>
        <line num="200" count="2" type="stmt"/>
        <line num="201" count="2" type="stmt"/>
        <line num="202" count="2" type="stmt"/>
        <line num="204" count="1" type="stmt"/>
        <line num="210" count="3" type="stmt"/>
        <line num="214" count="170" type="stmt"/>
        <line num="215" count="7" type="stmt"/>
        <line num="216" count="7" type="stmt"/>
        <line num="217" count="7" type="stmt"/>
        <line num="220" count="170" type="stmt"/>
        <line num="221" count="170" type="stmt"/>
        <line num="223" count="170" type="cond" truecount="4" falsecount="0"/>
        <line num="224" count="3" type="stmt"/>
        <line num="231" count="166" type="cond" truecount="2" falsecount="0"/>
        <line num="232" count="1" type="stmt"/>
        <line num="239" count="165" type="stmt"/>
        <line num="267" count="0" type="stmt"/>
        <line num="273" count="0" type="stmt"/>
        <line num="286" count="0" type="stmt"/>
        <line num="291" count="1" type="stmt"/>
        <line num="295" count="1" type="stmt"/>
        <line num="336" count="81" type="stmt"/>
        <line num="368" count="5" type="stmt"/>
        <line num="381" count="7" type="stmt"/>
        <line num="409" count="8" type="stmt"/>
        <line num="474" count="19" type="stmt"/>
        <line num="480" count="1" type="stmt"/>
      </file>
    </package>
    <package name="components.layout">
      <metrics statements="7" coveredstatements="7" conditionals="11" coveredconditionals="10" methods="4" coveredmethods="4"/>
      <file name="MobileNav.tsx" path="/home/ubuntu/duty-app/src/components/layout/MobileNav.tsx">
        <metrics statements="7" coveredstatements="7" conditionals="11" coveredconditionals="10" methods="4" coveredmethods="4"/>
        <line num="15" count="9" type="stmt"/>
        <line num="16" count="9" type="stmt"/>
        <line num="18" count="9" type="stmt"/>
        <line num="26" count="9" type="stmt"/>
        <line num="29" count="45" type="stmt"/>
        <line num="33" count="45" type="stmt"/>
        <line num="42" count="45" type="stmt"/>
      </file>
    </package>
    <package name="components.settings">
      <metrics statements="92" coveredstatements="80" conditionals="129" coveredconditionals="88" methods="18" coveredmethods="14"/>
      <file name="ApprovalsSheet.tsx" path="/home/ubuntu/duty-app/src/components/settings/ApprovalsSheet.tsx">
        <metrics statements="6" coveredstatements="5" conditionals="2" coveredconditionals="1" methods="1" coveredmethods="1"/>
        <line num="13" count="14" type="stmt"/>
        <line num="14" count="14" type="stmt"/>
        <line num="16" count="14" type="stmt"/>
        <line num="22" count="14" type="cond" truecount="1" falsecount="1"/>
        <line num="24" count="0" type="stmt"/>
        <line num="39" count="14" type="stmt"/>
      </file>
      <file name="ApprovalsTab.tsx" path="/home/ubuntu/duty-app/src/components/settings/ApprovalsTab.tsx">
        <metrics statements="37" coveredstatements="32" conditionals="28" coveredconditionals="21" methods="6" coveredmethods="4"/>
        <line num="16" count="20" type="stmt"/>
        <line num="17" count="20" type="stmt"/>
        <line num="18" count="20" type="stmt"/>
        <line num="19" count="20" type="stmt"/>
        <line num="20" count="20" type="stmt"/>
        <line num="21" count="20" type="stmt"/>
        <line num="22" count="20" type="stmt"/>
        <line num="25" count="20" type="stmt"/>
        <line num="26" count="11" type="stmt"/>
        <line num="27" count="11" type="cond" truecount="4" falsecount="0"/>
        <line num="28" count="2" type="stmt"/>
        <line num="29" count="2" type="stmt"/>
        <line num="32" count="9" type="stmt"/>
        <line num="33" count="9" type="stmt"/>
        <line num="36" count="9" type="stmt"/>
        <line num="37" count="9" type="stmt"/>
        <line num="39" count="9" type="stmt"/>
        <line num="40" count="9" type="cond" truecount="2" falsecount="0"/>
        <line num="41" count="7" type="stmt"/>
        <line num="42" count="7" type="cond" truecount="1" falsecount="1"/>
        <line num="46" count="9" type="stmt"/>
        <line num="50" count="9" type="stmt"/>
        <line num="53" count="9" type="stmt"/>
        <line num="54" count="9" type="cond" truecount="2" falsecount="0"/>
        <line num="55" count="7" type="stmt"/>
        <line num="56" count="0" type="stmt"/>
        <line num="57" count="0" type="stmt"/>
        <line num="61" count="9" type="stmt"/>
        <line num="63" count="0" type="stmt"/>
        <line num="64" count="0" type="stmt"/>
        <line num="66" count="9" type="stmt"/>
        <line num="70" count="11" type="stmt"/>
        <line num="73" count="20" type="cond" truecount="2" falsecount="0"/>
        <line num="74" count="4" type="stmt"/>
        <line num="88" count="15" type="stmt"/>
        <line num="144" count="1" type="stmt"/>
        <line num="190" count="0" type="stmt"/>
      </file>
      <file name="ProfileTab.tsx" path="/home/ubuntu/duty-app/src/components/settings/ProfileTab.tsx">
        <metrics statements="23" coveredstatements="20" conditionals="56" coveredconditionals="28" methods="6" coveredmethods="5"/>
        <line num="18" count="62" type="stmt"/>
        <line num="19" count="62" type="stmt"/>
        <line num="20" count="62" type="stmt"/>
        <line num="21" count="62" type="stmt"/>
        <line num="22" count="62" type="stmt"/>
        <line num="23" count="62" type="stmt"/>
        <line num="24" count="62" type="stmt"/>
        <line num="27" count="62" type="stmt"/>
        <line num="28" count="45" type="cond" truecount="1" falsecount="1"/>
        <line num="29" count="0" type="stmt"/>
        <line num="33" count="62" type="stmt"/>
        <line num="34" count="26" type="cond" truecount="1" falsecount="1"/>
        <line num="35" count="0" type="cond" truecount="0" falsecount="2"/>
        <line num="43" count="62" type="stmt"/>
        <line num="44" count="26" type="stmt"/>
        <line num="45" count="26" type="cond" truecount="2" falsecount="0"/>
        <line num="46" count="26" type="cond" truecount="2" falsecount="0"/>
        <line num="47" count="26" type="cond" truecount="1" falsecount="1"/>
        <line num="48" count="26" type="cond" truecount="4" falsecount="0"/>
        <line num="49" count="26" type="stmt"/>
        <line num="52" count="62" type="stmt"/>
        <line num="88" count="61" type="stmt"/>
        <line num="222" count="0" type="stmt"/>
      </file>
      <file name="SettingsTabs.tsx" path="/home/ubuntu/duty-app/src/components/settings/SettingsTabs.tsx">
        <metrics statements="9" coveredstatements="8" conditionals="20" coveredconditionals="19" methods="1" coveredmethods="1"/>
        <line num="9" count="20" type="stmt"/>
        <line num="10" count="20" type="stmt"/>
        <line num="12" count="20" type="cond" truecount="2" falsecount="0"/>
        <line num="13" count="20" type="stmt"/>
        <line num="16" count="20" type="cond" truecount="4" falsecount="0"/>
        <line num="17" count="20" type="cond" truecount="4" falsecount="0"/>
        <line num="20" count="20" type="cond" truecount="1" falsecount="1"/>
        <line num="21" count="0" type="stmt"/>
        <line num="28" count="19" type="stmt"/>
      </file>
      <file name="UnitsSheet.tsx" path="/home/ubuntu/duty-app/src/components/settings/UnitsSheet.tsx">
        <metrics statements="6" coveredstatements="5" conditionals="2" coveredconditionals="1" methods="1" coveredmethods="1"/>
        <line num="13" count="16" type="stmt"/>
        <line num="14" count="16" type="stmt"/>
        <line num="16" count="16" type="stmt"/>
        <line num="22" count="16" type="cond" truecount="1" falsecount="1"/>
        <line num="24" count="0" type="stmt"/>
        <line num="39" count="16" type="stmt"/>
      </file>
      <file name="UnitsTab.tsx" path="/home/ubuntu/duty-app/src/components/settings/UnitsTab.tsx">
        <metrics statements="11" coveredstatements="10" conditionals="21" coveredconditionals="18" methods="3" coveredmethods="2"/>
        <line num="12" count="15" type="stmt"/>
        <line num="13" count="15" type="stmt"/>
        <line num="14" count="15" type="stmt"/>
        <line num="15" count="15" type="stmt"/>
        <line num="17" count="15" type="cond" truecount="2" falsecount="0"/>
        <line num="20" count="15" type="stmt"/>
        <line num="21" count="15" type="stmt"/>
        <line num="22" count="15" type="stmt"/>
        <line num="24" count="15" type="stmt"/>
        <line num="74" count="1" type="stmt"/>
        <line num="91" count="0" type="stmt"/>
      </file>
    </package>
    <package name="components.ui">
      <metrics statements="140" coveredstatements="131" conditionals="9" coveredconditionals="8" methods="42" coveredmethods="30"/>
      <file name="alert-dialog.tsx" path="/home/ubuntu/duty-app/src/components/ui/alert-dialog.tsx">
        <metrics statements="25" coveredstatements="20" conditionals="0" coveredconditionals="0" methods="8" coveredmethods="1"/>
        <line num="7" count="3" type="stmt"/>
        <line num="9" count="3" type="stmt"/>
        <line num="11" count="3" type="stmt"/>
        <line num="13" count="3" type="stmt"/>
        <line num="16" count="0" type="stmt"/>
        <line num="26" count="3" type="stmt"/>
        <line num="28" count="3" type="stmt"/>
        <line num="31" count="73" type="stmt"/>
        <line num="44" count="3" type="stmt"/>
        <line num="46" count="3" type="stmt"/>
        <line num="49" count="3" type="stmt"/>
        <line num="51" count="3" type="stmt"/>
        <line num="54" count="3" type="stmt"/>
        <line num="56" count="3" type="stmt"/>
        <line num="59" count="0" type="stmt"/>
        <line num="62" count="3" type="stmt"/>
        <line num="64" count="3" type="stmt"/>
        <line num="67" count="0" type="stmt"/>
        <line num="70" count="3" type="stmt"/>
        <line num="72" count="3" type="stmt"/>
        <line num="75" count="0" type="stmt"/>
        <line num="78" count="3" type="stmt"/>
        <line num="80" count="3" type="stmt"/>
        <line num="83" count="0" type="stmt"/>
        <line num="90" count="3" type="stmt"/>
      </file>
      <file name="badge.tsx" path="/home/ubuntu/duty-app/src/components/ui/badge.tsx">
        <metrics statements="2" coveredstatements="2" conditionals="0" coveredconditionals="0" methods="1" coveredmethods="1"/>
        <line num="6" count="7" type="stmt"/>
        <line num="32" count="294" type="stmt"/>
      </file>
      <file name="button.tsx" path="/home/ubuntu/duty-app/src/components/ui/button.tsx">
        <metrics statements="5" coveredstatements="5" conditionals="3" coveredconditionals="2" methods="1" coveredmethods="1"/>
        <line num="7" count="5" type="stmt"/>
        <line num="42" count="5" type="stmt"/>
        <line num="44" count="604" type="cond" truecount="1" falsecount="1"/>
        <line num="45" count="604" type="stmt"/>
        <line num="54" count="5" type="stmt"/>
      </file>
      <file name="card.tsx" path="/home/ubuntu/duty-app/src/components/ui/card.tsx">
        <metrics statements="17" coveredstatements="16" conditionals="0" coveredconditionals="0" methods="6" coveredmethods="5"/>
        <line num="5" count="480" type="stmt"/>
        <line num="8" count="6" type="stmt"/>
        <line num="10" count="6" type="stmt"/>
        <line num="11" count="334" type="stmt"/>
        <line num="15" count="6" type="stmt"/>
        <line num="17" count="6" type="stmt"/>
        <line num="18" count="272" type="stmt"/>
        <line num="22" count="6" type="stmt"/>
        <line num="24" count="6" type="stmt"/>
        <line num="25" count="310" type="stmt"/>
        <line num="29" count="6" type="stmt"/>
        <line num="31" count="6" type="stmt"/>
        <line num="32" count="403" type="stmt"/>
        <line num="34" count="6" type="stmt"/>
        <line num="36" count="6" type="stmt"/>
        <line num="37" count="0" type="stmt"/>
        <line num="41" count="6" type="stmt"/>
      </file>
      <file name="collapsible.tsx" path="/home/ubuntu/duty-app/src/components/ui/collapsible.tsx">
        <metrics statements="3" coveredstatements="3" conditionals="0" coveredconditionals="0" methods="0" coveredmethods="0"/>
        <line num="3" count="3" type="stmt"/>
        <line num="5" count="3" type="stmt"/>
        <line num="7" count="3" type="stmt"/>
      </file>
      <file name="dialog.tsx" path="/home/ubuntu/duty-app/src/components/ui/dialog.tsx">
        <metrics statements="20" coveredstatements="20" conditionals="0" coveredconditionals="0" methods="6" coveredmethods="6"/>
        <line num="7" count="5" type="stmt"/>
        <line num="9" count="5" type="stmt"/>
        <line num="11" count="5" type="stmt"/>
        <line num="13" count="5" type="stmt"/>
        <line num="15" count="5" type="stmt"/>
        <line num="18" count="94" type="stmt"/>
        <line num="28" count="5" type="stmt"/>
        <line num="30" count="5" type="stmt"/>
        <line num="33" count="337" type="stmt"/>
        <line num="52" count="5" type="stmt"/>
        <line num="54" count="77" type="stmt"/>
        <line num="57" count="5" type="stmt"/>
        <line num="59" count="77" type="stmt"/>
        <line num="62" count="5" type="stmt"/>
        <line num="64" count="5" type="stmt"/>
        <line num="67" count="77" type="stmt"/>
        <line num="74" count="5" type="stmt"/>
        <line num="76" count="5" type="stmt"/>
        <line num="79" count="39" type="stmt"/>
        <line num="82" count="5" type="stmt"/>
      </file>
      <file name="input.tsx" path="/home/ubuntu/duty-app/src/components/ui/input.tsx">
        <metrics statements="3" coveredstatements="3" conditionals="0" coveredconditionals="0" methods="1" coveredmethods="1"/>
        <line num="5" count="5" type="stmt"/>
        <line num="7" count="82" type="stmt"/>
        <line num="20" count="5" type="stmt"/>
      </file>
      <file name="label.tsx" path="/home/ubuntu/duty-app/src/components/ui/label.tsx">
        <metrics statements="4" coveredstatements="4" conditionals="0" coveredconditionals="0" methods="1" coveredmethods="1"/>
        <line num="7" count="5" type="stmt"/>
        <line num="9" count="5" type="stmt"/>
        <line num="12" count="121" type="stmt"/>
        <line num="15" count="5" type="stmt"/>
      </file>
      <file name="select.tsx" path="/home/ubuntu/duty-app/src/components/ui/select.tsx">
        <metrics statements="24" coveredstatements="22" conditionals="5" coveredconditionals="5" methods="7" coveredmethods="5"/>
        <line num="7" count="4" type="stmt"/>
        <line num="9" count="4" type="stmt"/>
        <line num="11" count="4" type="stmt"/>
        <line num="13" count="4" type="stmt"/>
        <line num="16" count="67" type="stmt"/>
        <line num="31" count="4" type="stmt"/>
        <line num="33" count="4" type="stmt"/>
        <line num="36" count="67" type="stmt"/>
        <line num="45" count="4" type="stmt"/>
        <line num="47" count="4" type="stmt"/>
        <line num="50" count="67" type="stmt"/>
        <line num="59" count="4" type="stmt"/>
        <line num="61" count="4" type="stmt"/>
        <line num="64" count="68" type="cond" truecount="1" falsecount="0"/>
        <line num="91" count="4" type="stmt"/>
        <line num="93" count="4" type="stmt"/>
        <line num="96" count="0" type="stmt"/>
        <line num="99" count="4" type="stmt"/>
        <line num="101" count="4" type="stmt"/>
        <line num="104" count="140" type="stmt"/>
        <line num="122" count="4" type="stmt"/>
        <line num="124" count="4" type="stmt"/>
        <line num="127" count="0" type="stmt"/>
        <line num="130" count="4" type="stmt"/>
      </file>
      <file name="sheet.tsx" path="/home/ubuntu/duty-app/src/components/ui/sheet.tsx">
        <metrics statements="21" coveredstatements="20" conditionals="1" coveredconditionals="1" methods="6" coveredmethods="4"/>
        <line num="8" count="3" type="stmt"/>
        <line num="10" count="3" type="stmt"/>
        <line num="12" count="3" type="stmt"/>
        <line num="14" count="3" type="stmt"/>
        <line num="16" count="3" type="stmt"/>
        <line num="19" count="4" type="stmt"/>
        <line num="29" count="3" type="stmt"/>
        <line num="31" count="3" type="stmt"/>
        <line num="54" count="3" type="stmt"/>
        <line num="55" count="28" type="cond" truecount="1" falsecount="0"/>
        <line num="68" count="3" type="stmt"/>
        <line num="70" count="3" type="stmt"/>
        <line num="73" count="3" type="stmt"/>
        <line num="75" count="3" type="stmt"/>
        <line num="78" count="3" type="stmt"/>
        <line num="80" count="3" type="stmt"/>
        <line num="83" count="2" type="stmt"/>
        <line num="86" count="3" type="stmt"/>
        <line num="88" count="3" type="stmt"/>
        <line num="91" count="0" type="stmt"/>
        <line num="94" count="3" type="stmt"/>
      </file>
      <file name="switch.tsx" path="/home/ubuntu/duty-app/src/components/ui/switch.tsx">
        <metrics statements="3" coveredstatements="3" conditionals="0" coveredconditionals="0" methods="1" coveredmethods="1"/>
        <line num="6" count="2" type="stmt"/>
        <line num="9" count="23" type="stmt"/>
        <line num="25" count="2" type="stmt"/>
      </file>
      <file name="tabs.tsx" path="/home/ubuntu/duty-app/src/components/ui/tabs.tsx">
        <metrics statements="10" coveredstatements="10" conditionals="0" coveredconditionals="0" methods="3" coveredmethods="3"/>
        <line num="6" count="3" type="stmt"/>
        <line num="8" count="3" type="stmt"/>
        <line num="11" count="154" type="stmt"/>
        <line num="21" count="3" type="stmt"/>
        <line num="23" count="3" type="stmt"/>
        <line num="26" count="304" type="stmt"/>
        <line num="36" count="3" type="stmt"/>
        <line num="38" count="3" type="stmt"/>
        <line num="41" count="305" type="stmt"/>
        <line num="51" count="3" type="stmt"/>
      </file>
      <file name="textarea.tsx" path="/home/ubuntu/duty-app/src/components/ui/textarea.tsx">
        <metrics statements="3" coveredstatements="3" conditionals="0" coveredconditionals="0" methods="1" coveredmethods="1"/>
        <line num="7" count="3" type="stmt"/>
        <line num="8" count="33" type="stmt"/>
        <line num="19" count="3" type="stmt"/>
      </file>
    </package>
    <package name="components.units">
      <metrics statements="95" coveredstatements="62" conditionals="102" coveredconditionals="71" methods="31" coveredmethods="18"/>
      <file name="UnitsManagement.tsx" path="/home/ubuntu/duty-app/src/components/units/UnitsManagement.tsx">
        <metrics statements="95" coveredstatements="62" conditionals="102" coveredconditionals="71" methods="31" coveredmethods="18"/>
        <line num="52" count="3" type="stmt"/>
        <line num="58" count="3" type="stmt"/>
        <line num="64" count="3" type="stmt"/>
        <line num="70" count="3" type="stmt"/>
        <line num="87" count="74" type="stmt"/>
        <line num="88" count="74" type="stmt"/>
        <line num="96" count="74" type="stmt"/>
        <line num="98" count="74" type="stmt"/>
        <line num="101" count="74" type="stmt"/>
        <line num="102" count="74" type="stmt"/>
        <line num="103" count="74" type="stmt"/>
        <line num="104" count="74" type="stmt"/>
        <line num="105" count="74" type="stmt"/>
        <line num="111" count="74" type="stmt"/>
        <line num="113" count="74" type="cond" truecount="2" falsecount="0"/>
        <line num="115" count="74" type="stmt"/>
        <line num="116" count="7" type="stmt"/>
        <line num="117" count="7" type="stmt"/>
        <line num="118" count="7" type="cond" truecount="2" falsecount="0"/>
        <line num="119" count="6" type="stmt"/>
        <line num="120" count="7" type="stmt"/>
        <line num="124" count="74" type="stmt"/>
        <line num="125" count="5" type="stmt"/>
        <line num="126" count="5" type="stmt"/>
        <line num="127" count="5" type="cond" truecount="2" falsecount="0"/>
        <line num="128" count="5" type="stmt"/>
        <line num="131" count="74" type="stmt"/>
        <line num="132" count="0" type="stmt"/>
        <line num="133" count="0" type="stmt"/>
        <line num="134" count="0" type="stmt"/>
        <line num="139" count="0" type="stmt"/>
        <line num="142" count="74" type="stmt"/>
        <line num="143" count="0" type="stmt"/>
        <line num="144" count="0" type="stmt"/>
        <line num="147" count="74" type="stmt"/>
        <line num="148" count="1" type="cond" truecount="1" falsecount="1"/>
        <line num="149" count="1" type="stmt"/>
        <line num="151" count="1" type="stmt"/>
        <line num="152" count="1" type="cond" truecount="1" falsecount="1"/>
        <line num="153" count="1" type="stmt"/>
        <line num="159" count="0" type="cond" truecount="0" falsecount="4"/>
        <line num="160" count="0" type="stmt"/>
        <line num="165" count="1" type="stmt"/>
        <line num="167" count="1" type="stmt"/>
        <line num="171" count="74" type="stmt"/>
        <line num="172" count="0" type="cond" truecount="0" falsecount="2"/>
        <line num="173" count="0" type="stmt"/>
        <line num="175" count="0" type="stmt"/>
        <line num="176" count="0" type="stmt"/>
        <line num="177" count="0" type="stmt"/>
        <line num="179" count="0" type="stmt"/>
        <line num="183" count="74" type="stmt"/>
        <line num="184" count="36" type="cond" truecount="1" falsecount="3"/>
        <line num="186" count="36" type="stmt"/>
        <line num="188" count="0" type="stmt"/>
        <line num="190" count="0" type="stmt"/>
        <line num="192" count="0" type="stmt"/>
        <line num="196" count="74" type="cond" truecount="1" falsecount="0"/>
        <line num="197" count="36" type="stmt"/>
        <line num="198" count="36" type="stmt"/>
        <line num="199" count="36" type="stmt"/>
        <line num="200" count="36" type="stmt"/>
        <line num="202" count="36" type="cond" truecount="2" falsecount="0"/>
        <line num="204" count="23" type="stmt"/>
        <line num="206" count="6" type="stmt"/>
        <line num="238" count="0" type="stmt"/>
        <line num="239" count="0" type="stmt"/>
        <line num="251" count="0" type="stmt"/>
        <line num="252" count="0" type="stmt"/>
        <line num="262" count="0" type="stmt"/>
        <line num="263" count="0" type="stmt"/>
        <line num="279" count="10" type="stmt"/>
        <line num="287" count="13" type="cond" truecount="2" falsecount="0"/>
        <line num="289" count="10" type="stmt"/>
        <line num="293" count="1" type="stmt"/>
        <line num="326" count="0" type="stmt"/>
        <line num="327" count="0" type="stmt"/>
        <line num="339" count="0" type="stmt"/>
        <line num="340" count="0" type="stmt"/>
        <line num="350" count="0" type="stmt"/>
        <line num="351" count="0" type="stmt"/>
        <line num="363" count="3" type="stmt"/>
        <line num="372" count="3" type="stmt"/>
        <line num="395" count="0" type="stmt"/>
        <line num="403" count="0" type="stmt"/>
        <line num="414" count="74" type="cond" truecount="2" falsecount="0"/>
        <line num="415" count="1" type="stmt"/>
        <line num="422" count="73" type="stmt"/>
        <line num="436" count="5" type="stmt"/>
        <line num="446" count="0" type="stmt"/>
        <line num="466" count="0" type="stmt"/>
        <line num="474" count="23" type="stmt"/>
        <line num="493" count="14" type="stmt"/>
        <line num="502" count="16" type="stmt"/>
        <line num="508" count="1" type="stmt"/>
      </file>
    </package>
    <package name="contexts">
      <metrics statements="42" coveredstatements="42" conditionals="17" coveredconditionals="16" methods="14" coveredmethods="14"/>
      <file name="AdminModeContext.tsx" path="/home/ubuntu/duty-app/src/contexts/AdminModeContext.tsx">
        <metrics statements="17" coveredstatements="17" conditionals="4" coveredconditionals="4" methods="7" coveredmethods="7"/>
        <line num="9" count="2" type="stmt"/>
        <line num="11" count="2" type="stmt"/>
        <line num="14" count="24" type="stmt"/>
        <line num="15" count="11" type="stmt"/>
        <line num="17" count="11" type="cond" truecount="2" falsecount="0"/>
        <line num="18" count="6" type="stmt"/>
        <line num="21" count="24" type="stmt"/>
        <line num="22" count="23" type="stmt"/>
        <line num="25" count="24" type="stmt"/>
        <line num="26" count="7" type="stmt"/>
        <line num="29" count="24" type="stmt"/>
        <line num="30" count="8" type="stmt"/>
        <line num="33" count="24" type="stmt"/>
        <line num="41" count="27" type="stmt"/>
        <line num="42" count="27" type="cond" truecount="2" falsecount="0"/>
        <line num="43" count="4" type="stmt"/>
        <line num="45" count="23" type="stmt"/>
      </file>
      <file name="LanguageContext.tsx" path="/home/ubuntu/duty-app/src/contexts/LanguageContext.tsx">
        <metrics statements="25" coveredstatements="25" conditionals="13" coveredconditionals="12" methods="7" coveredmethods="7"/>
        <line num="11" count="3" type="stmt"/>
        <line num="13" count="3" type="stmt"/>
        <line num="14" count="51" type="stmt"/>
        <line num="15" count="43" type="stmt"/>
        <line num="16" count="43" type="cond" truecount="2" falsecount="0"/>
        <line num="19" count="51" type="stmt"/>
        <line num="20" count="7" type="stmt"/>
        <line num="21" count="7" type="stmt"/>
        <line num="24" count="51" type="stmt"/>
        <line num="25" count="725" type="cond" truecount="3" falsecount="0"/>
        <line num="28" count="725" type="cond" truecount="2" falsecount="0"/>
        <line num="29" count="2" type="stmt"/>
        <line num="30" count="4" type="stmt"/>
        <line num="31" count="4" type="cond" truecount="1" falsecount="1"/>
        <line num="35" count="725" type="stmt"/>
        <line num="38" count="51" type="cond" truecount="2" falsecount="0"/>
        <line num="40" count="51" type="stmt"/>
        <line num="41" count="50" type="stmt"/>
        <line num="42" count="50" type="stmt"/>
        <line num="45" count="51" type="stmt"/>
        <line num="52" count="3" type="stmt"/>
        <line num="53" count="125" type="stmt"/>
        <line num="54" count="125" type="cond" truecount="2" falsecount="0"/>
        <line num="55" count="4" type="stmt"/>
        <line num="57" count="119" type="stmt"/>
      </file>
    </package>
    <package name="hooks">
      <metrics statements="739" coveredstatements="642" conditionals="523" coveredconditionals="372" methods="137" coveredmethods="126"/>
      <file name="use-toast.ts" path="/home/ubuntu/duty-app/src/hooks/use-toast.ts">
        <metrics statements="51" coveredstatements="51" conditionals="20" coveredconditionals="17" methods="18" coveredmethods="18"/>
        <line num="5" count="3" type="stmt"/>
        <line num="6" count="3" type="stmt"/>
        <line num="15" count="3" type="stmt"/>
        <line num="22" count="3" type="stmt"/>
        <line num="25" count="20" type="stmt"/>
        <line num="26" count="20" type="stmt"/>
        <line num="53" count="3" type="stmt"/>
        <line num="55" count="3" type="stmt"/>
        <line num="56" count="10" type="cond" truecount="2" falsecount="0"/>
        <line num="57" count="2" type="stmt"/>
        <line num="60" count="8" type="stmt"/>
        <line num="61" count="8" type="stmt"/>
        <line num="62" count="8" type="stmt"/>
        <line num="68" count="8" type="stmt"/>
        <line num="71" count="3" type="stmt"/>
        <line num="72" count="45" type="cond" truecount="4" falsecount="0"/>
        <line num="74" count="21" type="stmt"/>
        <line num="80" count="4" type="stmt"/>
        <line num="82" count="5" type="cond" truecount="2" falsecount="0"/>
        <line num="86" count="10" type="stmt"/>
        <line num="90" count="10" type="cond" truecount="2" falsecount="0"/>
        <line num="91" count="8" type="stmt"/>
        <line num="93" count="2" type="stmt"/>
        <line num="94" count="2" type="stmt"/>
        <line num="98" count="10" type="stmt"/>
        <line num="101" count="10" type="cond" truecount="3" falsecount="1"/>
        <line num="111" count="10" type="cond" truecount="2" falsecount="0"/>
        <line num="112" count="1" type="stmt"/>
        <line num="117" count="9" type="stmt"/>
        <line num="119" count="8" type="stmt"/>
        <line num="124" count="3" type="stmt"/>
        <line num="126" count="3" type="stmt"/>
        <line num="129" count="39" type="stmt"/>
        <line num="130" count="39" type="stmt"/>
        <line num="131" count="38" type="stmt"/>
        <line num="138" count="20" type="stmt"/>
        <line num="140" count="20" type="stmt"/>
        <line num="141" count="3" type="stmt"/>
        <line num="145" count="20" type="stmt"/>
        <line num="147" count="20" type="stmt"/>
        <line num="154" count="1" type="cond" truecount="1" falsecount="1"/>
        <line num="159" count="20" type="stmt"/>
        <line num="167" count="52" type="stmt"/>
        <line num="169" count="52" type="stmt"/>
        <line num="170" count="50" type="stmt"/>
        <line num="171" count="50" type="stmt"/>
        <line num="172" count="50" type="stmt"/>
        <line num="173" count="50" type="cond" truecount="1" falsecount="1"/>
        <line num="174" count="50" type="stmt"/>
        <line num="179" count="52" type="stmt"/>
        <line num="182" count="6" type="stmt"/>
      </file>
      <file name="useAssignmentRequests.tsx" path="/home/ubuntu/duty-app/src/hooks/useAssignmentRequests.tsx">
        <metrics statements="180" coveredstatements="167" conditionals="155" coveredconditionals="118" methods="24" coveredmethods="23"/>
        <line num="26" count="1" type="stmt"/>
        <line num="29" count="34" type="stmt"/>
        <line num="85" count="133" type="cond" truecount="2" falsecount="0"/>
        <line num="86" count="133" type="cond" truecount="2" falsecount="0"/>
        <line num="87" count="133" type="cond" truecount="2" falsecount="0"/>
        <line num="88" count="133" type="stmt"/>
        <line num="89" count="133" type="stmt"/>
        <line num="90" count="133" type="stmt"/>
        <line num="91" count="133" type="stmt"/>
        <line num="92" count="133" type="stmt"/>
        <line num="97" count="133" type="stmt"/>
        <line num="99" count="133" type="stmt"/>
        <line num="100" count="65" type="stmt"/>
        <line num="102" count="40" type="stmt"/>
        <line num="105" count="40" type="stmt"/>
        <line num="106" count="40" type="cond" truecount="2" falsecount="0"/>
        <line num="107" count="40" type="cond" truecount="2" falsecount="0"/>
        <line num="108" count="40" type="stmt"/>
        <line num="111" count="40" type="cond" truecount="4" falsecount="0"/>
        <line num="112" count="38" type="stmt"/>
        <line num="113" count="38" type="cond" truecount="1" falsecount="1"/>
        <line num="114" count="0" type="stmt"/>
        <line num="118" count="38" type="cond" truecount="1" falsecount="1"/>
        <line num="119" count="38" type="cond" truecount="2" falsecount="0"/>
        <line num="121" count="2" type="stmt"/>
        <line num="122" count="2" type="cond" truecount="1" falsecount="1"/>
        <line num="123" count="0" type="stmt"/>
        <line num="124" count="0" type="stmt"/>
        <line num="126" count="36" type="cond" truecount="1" falsecount="1"/>
        <line num="127" count="0" type="stmt"/>
        <line num="128" count="0" type="cond" truecount="0" falsecount="2"/>
        <line num="129" count="0" type="stmt"/>
        <line num="134" count="38" type="cond" truecount="1" falsecount="1"/>
        <line num="135" count="38" type="cond" truecount="2" falsecount="0"/>
        <line num="137" count="34" type="stmt"/>
        <line num="138" count="34" type="cond" truecount="1" falsecount="1"/>
        <line num="139" count="0" type="stmt"/>
        <line num="140" count="0" type="stmt"/>
        <line num="142" count="4" type="cond" truecount="1" falsecount="1"/>
        <line num="143" count="4" type="stmt"/>
        <line num="144" count="4" type="cond" truecount="1" falsecount="1"/>
        <line num="145" count="0" type="stmt"/>
        <line num="150" count="38" type="cond" truecount="3" falsecount="1"/>
        <line num="151" count="38" type="stmt"/>
        <line num="152" count="38" type="cond" truecount="1" falsecount="1"/>
        <line num="153" count="0" type="cond" truecount="0" falsecount="2"/>
        <line num="157" count="38" type="stmt"/>
        <line num="186" count="133" type="stmt"/>
        <line num="187" count="133" type="stmt"/>
        <line num="188" count="133" type="stmt"/>
        <line num="190" count="133" type="stmt"/>
        <line num="191" count="34" type="cond" truecount="1" falsecount="1"/>
        <line num="194" count="34" type="stmt"/>
        <line num="196" count="34" type="stmt"/>
        <line num="197" count="34" type="cond" truecount="2" falsecount="0"/>
        <line num="198" count="33" type="stmt"/>
        <line num="199" count="33" type="stmt"/>
        <line num="200" count="33" type="cond" truecount="2" falsecount="0"/>
        <line num="202" count="33" type="cond" truecount="2" falsecount="0"/>
        <line num="204" count="1" type="stmt"/>
        <line num="205" count="1" type="stmt"/>
        <line num="206" count="1" type="stmt"/>
        <line num="210" count="34" type="stmt"/>
        <line num="213" count="133" type="stmt"/>
        <line num="216" count="67" type="cond" truecount="2" falsecount="3"/>
        <line num="217" count="0" type="stmt"/>
        <line num="218" count="0" type="stmt"/>
        <line num="221" count="67" type="stmt"/>
        <line num="224" count="67" type="cond" truecount="1" falsecount="1"/>
        <line num="230" count="67" type="stmt"/>
        <line num="231" count="65" type="stmt"/>
        <line num="232" count="65" type="stmt"/>
        <line num="233" count="65" type="stmt"/>
        <line num="238" count="63" type="stmt"/>
        <line num="239" count="38" type="cond" truecount="7" falsecount="0"/>
        <line num="252" count="63" type="stmt"/>
        <line num="253" count="38" type="cond" truecount="5" falsecount="1"/>
        <line num="264" count="63" type="cond" truecount="1" falsecount="1"/>
        <line num="268" count="0" type="cond" truecount="0" falsecount="5"/>
        <line num="275" count="65" type="stmt"/>
        <line num="276" count="65" type="stmt"/>
        <line num="277" count="65" type="stmt"/>
        <line num="278" count="65" type="stmt"/>
        <line num="279" count="65" type="stmt"/>
        <line num="281" count="2" type="stmt"/>
        <line num="282" count="2" type="stmt"/>
        <line num="283" count="2" type="stmt"/>
        <line num="284" count="2" type="stmt"/>
        <line num="285" count="2" type="stmt"/>
        <line num="287" count="65" type="stmt"/>
        <line num="290" count="2" type="stmt"/>
        <line num="291" count="2" type="stmt"/>
        <line num="292" count="2" type="stmt"/>
        <line num="295" count="67" type="stmt"/>
        <line num="298" count="133" type="stmt"/>
        <line num="302" count="133" type="stmt"/>
        <line num="308" count="6" type="stmt"/>
        <line num="311" count="6" type="stmt"/>
        <line num="312" count="6" type="cond" truecount="2" falsecount="0"/>
        <line num="315" count="6" type="cond" truecount="2" falsecount="0"/>
        <line num="320" count="6" type="stmt"/>
        <line num="328" count="6" type="stmt"/>
        <line num="329" count="6" type="stmt"/>
        <line num="330" count="6" type="stmt"/>
        <line num="331" count="6" type="stmt"/>
        <line num="333" count="6" type="cond" truecount="2" falsecount="0"/>
        <line num="334" count="2" type="stmt"/>
        <line num="335" count="2" type="cond" truecount="2" falsecount="0"/>
        <line num="336" count="2" type="cond" truecount="2" falsecount="0"/>
        <line num="338" count="2" type="cond" truecount="2" falsecount="0"/>
        <line num="340" count="1" type="stmt"/>
        <line num="341" count="1" type="cond" truecount="1" falsecount="1"/>
        <line num="342" count="1" type="stmt"/>
        <line num="343" count="1" type="stmt"/>
        <line num="345" count="1" type="cond" truecount="1" falsecount="1"/>
        <line num="346" count="1" type="stmt"/>
        <line num="347" count="1" type="cond" truecount="1" falsecount="1"/>
        <line num="348" count="1" type="stmt"/>
        <line num="349" count="1" type="stmt"/>
        <line num="350" count="1" type="stmt"/>
        <line num="356" count="6" type="stmt"/>
        <line num="357" count="6" type="stmt"/>
        <line num="359" count="6" type="cond" truecount="2" falsecount="0"/>
        <line num="361" count="3" type="stmt"/>
        <line num="362" count="3" type="cond" truecount="2" falsecount="0"/>
        <line num="363" count="1" type="stmt"/>
        <line num="364" count="1" type="stmt"/>
        <line num="366" count="3" type="cond" truecount="2" falsecount="0"/>
        <line num="367" count="2" type="stmt"/>
        <line num="368" count="2" type="cond" truecount="2" falsecount="0"/>
        <line num="369" count="1" type="stmt"/>
        <line num="370" count="1" type="stmt"/>
        <line num="371" count="1" type="stmt"/>
        <line num="375" count="6" type="stmt"/>
        <line num="391" count="6" type="cond" truecount="2" falsecount="0"/>
        <line num="392" count="2" type="stmt"/>
        <line num="395" count="6" type="cond" truecount="2" falsecount="0"/>
        <line num="396" count="1" type="stmt"/>
        <line num="399" count="6" type="stmt"/>
        <line num="401" count="6" type="stmt"/>
        <line num="407" count="133" type="stmt"/>
        <line num="410" count="7" type="stmt"/>
        <line num="411" count="7" type="cond" truecount="2" falsecount="0"/>
        <line num="412" count="1" type="stmt"/>
        <line num="415" count="6" type="stmt"/>
        <line num="416" count="6" type="stmt"/>
        <line num="419" count="6" type="stmt"/>
        <line num="426" count="6" type="stmt"/>
        <line num="435" count="6" type="stmt"/>
        <line num="436" count="1" type="stmt"/>
        <line num="440" count="6" type="stmt"/>
        <line num="443" count="6" type="stmt"/>
        <line num="453" count="7" type="stmt"/>
        <line num="456" count="7" type="stmt"/>
        <line num="462" count="7" type="stmt"/>
        <line num="465" count="133" type="stmt"/>
        <line num="468" count="5" type="stmt"/>
        <line num="469" count="5" type="cond" truecount="2" falsecount="0"/>
        <line num="470" count="1" type="stmt"/>
        <line num="473" count="4" type="stmt"/>
        <line num="476" count="4" type="stmt"/>
        <line num="483" count="4" type="stmt"/>
        <line num="489" count="4" type="stmt"/>
        <line num="492" count="133" type="stmt"/>
        <line num="493" count="1" type="cond" truecount="1" falsecount="1"/>
        <line num="496" count="133" type="stmt"/>
        <line num="497" count="1" type="cond" truecount="1" falsecount="1"/>
        <line num="500" count="133" type="stmt"/>
        <line num="503" count="4" type="stmt"/>
        <line num="504" count="4" type="cond" truecount="2" falsecount="0"/>
        <line num="505" count="1" type="stmt"/>
        <line num="509" count="3" type="cond" truecount="2" falsecount="0"/>
        <line num="510" count="1" type="stmt"/>
        <line num="513" count="2" type="stmt"/>
        <line num="516" count="2" type="stmt"/>
        <line num="523" count="2" type="stmt"/>
        <line num="529" count="2" type="stmt"/>
        <line num="532" count="133" type="stmt"/>
        <line num="535" count="1" type="stmt"/>
        <line num="538" count="133" type="stmt"/>
      </file>
      <file name="useCanManageRole.tsx" path="/home/ubuntu/duty-app/src/hooks/useCanManageRole.tsx">
        <metrics statements="51" coveredstatements="41" conditionals="22" coveredconditionals="16" methods="5" coveredmethods="5"/>
        <line num="26" count="16" type="stmt"/>
        <line num="27" count="16" type="stmt"/>
        <line num="28" count="16" type="stmt"/>
        <line num="29" count="16" type="stmt"/>
        <line num="31" count="16" type="stmt"/>
        <line num="32" count="8" type="cond" truecount="3" falsecount="1"/>
        <line num="33" count="0" type="stmt"/>
        <line num="34" count="0" type="stmt"/>
        <line num="35" count="0" type="stmt"/>
        <line num="39" count="8" type="cond" truecount="2" falsecount="0"/>
        <line num="40" count="2" type="stmt"/>
        <line num="41" count="2" type="stmt"/>
        <line num="42" count="2" type="stmt"/>
        <line num="46" count="6" type="cond" truecount="2" falsecount="0"/>
        <line num="47" count="2" type="stmt"/>
        <line num="48" count="2" type="stmt"/>
        <line num="49" count="2" type="stmt"/>
        <line num="52" count="4" type="stmt"/>
        <line num="53" count="4" type="stmt"/>
        <line num="56" count="4" type="stmt"/>
        <line num="59" count="4" type="cond" truecount="1" falsecount="1"/>
        <line num="60" count="0" type="stmt"/>
        <line num="61" count="0" type="stmt"/>
        <line num="64" count="4" type="stmt"/>
        <line num="66" count="4" type="cond" truecount="1" falsecount="1"/>
        <line num="67" count="0" type="stmt"/>
        <line num="68" count="0" type="stmt"/>
        <line num="72" count="4" type="stmt"/>
        <line num="80" count="4" type="stmt"/>
        <line num="81" count="4" type="stmt"/>
        <line num="82" count="4" type="stmt"/>
        <line num="83" count="4" type="cond" truecount="1" falsecount="1"/>
        <line num="84" count="4" type="stmt"/>
        <line num="89" count="4" type="stmt"/>
        <line num="90" count="4" type="stmt"/>
        <line num="92" count="4" type="stmt"/>
        <line num="93" count="5" type="stmt"/>
        <line num="94" count="5" type="stmt"/>
        <line num="95" count="5" type="cond" truecount="1" falsecount="1"/>
        <line num="96" count="0" type="stmt"/>
        <line num="98" count="5" type="stmt"/>
        <line num="99" count="5" type="cond" truecount="2" falsecount="0"/>
        <line num="103" count="4" type="stmt"/>
        <line num="106" count="4" type="stmt"/>
        <line num="108" count="0" type="stmt"/>
        <line num="109" count="0" type="stmt"/>
        <line num="111" count="4" type="stmt"/>
        <line num="115" count="16" type="stmt"/>
        <line num="116" count="8" type="cond" truecount="1" falsecount="1"/>
        <line num="117" count="8" type="stmt"/>
        <line num="121" count="16" type="stmt"/>
      </file>
      <file name="useEquipment.tsx" path="/home/ubuntu/duty-app/src/hooks/useEquipment.tsx">
        <metrics statements="261" coveredstatements="203" conditionals="248" coveredconditionals="155" methods="42" coveredmethods="36"/>
        <line num="65" count="117" type="stmt"/>
        <line num="66" count="117" type="stmt"/>
        <line num="67" count="117" type="stmt"/>
        <line num="68" count="117" type="stmt"/>
        <line num="69" count="117" type="stmt"/>
        <line num="70" count="117" type="stmt"/>
        <line num="71" count="117" type="stmt"/>
        <line num="72" count="117" type="stmt"/>
        <line num="74" count="117" type="stmt"/>
        <line num="75" count="117" type="stmt"/>
        <line num="76" count="117" type="stmt"/>
        <line num="77" count="117" type="stmt"/>
        <line num="80" count="117" type="stmt"/>
        <line num="81" count="35" type="cond" truecount="1" falsecount="1"/>
        <line num="82" count="0" type="stmt"/>
        <line num="83" count="0" type="stmt"/>
        <line num="84" count="0" type="stmt"/>
        <line num="88" count="35" type="stmt"/>
        <line num="89" count="35" type="stmt"/>
        <line num="90" count="35" type="stmt"/>
        <line num="91" count="35" type="stmt"/>
        <line num="93" count="35" type="cond" truecount="1" falsecount="1"/>
        <line num="94" count="35" type="stmt"/>
        <line num="95" count="35" type="stmt"/>
        <line num="97" count="35" type="cond" truecount="2" falsecount="0"/>
        <line num="99" count="0" type="stmt"/>
        <line num="100" count="0" type="stmt"/>
        <line num="103" count="0" type="stmt"/>
        <line num="104" count="0" type="stmt"/>
        <line num="105" count="0" type="stmt"/>
        <line num="109" count="35" type="stmt"/>
        <line num="112" count="117" type="stmt"/>
        <line num="113" count="185" type="cond" truecount="2" falsecount="0"/>
        <line num="114" count="62" type="stmt"/>
        <line num="115" count="62" type="stmt"/>
        <line num="117" count="62" type="stmt"/>
        <line num="118" count="62" type="stmt"/>
        <line num="120" count="62" type="stmt"/>
        <line num="121" count="4" type="stmt"/>
        <line num="122" count="4" type="cond" truecount="2" falsecount="0"/>
        <line num="123" count="4" type="cond" truecount="2" falsecount="0"/>
        <line num="127" count="62" type="stmt"/>
        <line num="128" count="1" type="stmt"/>
        <line num="129" count="3" type="stmt"/>
        <line num="133" count="62" type="stmt"/>
        <line num="134" count="62" type="stmt"/>
        <line num="135" count="1" type="cond" truecount="1" falsecount="1"/>
        <line num="136" count="1" type="stmt"/>
        <line num="137" count="1" type="stmt"/>
        <line num="141" count="62" type="stmt"/>
        <line num="142" count="62" type="stmt"/>
        <line num="143" count="3" type="cond" truecount="1" falsecount="1"/>
        <line num="144" count="3" type="stmt"/>
        <line num="145" count="3" type="stmt"/>
        <line num="150" count="62" type="stmt"/>
        <line num="151" count="62" type="stmt"/>
        <line num="152" count="8" type="stmt"/>
        <line num="153" count="8" type="stmt"/>
        <line num="154" count="8" type="cond" truecount="2" falsecount="0"/>
        <line num="155" count="6" type="stmt"/>
        <line num="157" count="8" type="stmt"/>
        <line num="161" count="62" type="stmt"/>
        <line num="162" count="6" type="stmt"/>
        <line num="167" count="62" type="stmt"/>
        <line num="170" count="62" type="stmt"/>
        <line num="172" count="62" type="stmt"/>
        <line num="173" count="6" type="stmt"/>
        <line num="176" count="6" type="cond" truecount="2" falsecount="0"/>
        <line num="177" count="4" type="stmt"/>
        <line num="179" count="6" type="stmt"/>
        <line num="186" count="6" type="cond" truecount="2" falsecount="2"/>
        <line num="187" count="0" type="stmt"/>
        <line num="192" count="62" type="stmt"/>
        <line num="194" count="62" type="stmt"/>
        <line num="195" count="12" type="stmt"/>
        <line num="196" count="12" type="cond" truecount="2" falsecount="0"/>
        <line num="199" count="12" type="cond" truecount="1" falsecount="1"/>
        <line num="200" count="12" type="stmt"/>
        <line num="203" count="12" type="stmt"/>
        <line num="205" count="8" type="stmt"/>
        <line num="206" count="8" type="stmt"/>
        <line num="208" count="8" type="cond" truecount="2" falsecount="0"/>
        <line num="209" count="2" type="stmt"/>
        <line num="210" count="2" type="stmt"/>
        <line num="211" count="2" type="stmt"/>
        <line num="212" count="6" type="cond" truecount="1" falsecount="1"/>
        <line num="213" count="6" type="stmt"/>
        <line num="214" count="6" type="cond" truecount="1" falsecount="1"/>
        <line num="215" count="0" type="stmt"/>
        <line num="216" count="0" type="stmt"/>
        <line num="217" count="0" type="stmt"/>
        <line num="221" count="8" type="stmt"/>
        <line num="242" count="12" type="cond" truecount="4" falsecount="0"/>
        <line num="243" count="8" type="stmt"/>
        <line num="278" count="62" type="stmt"/>
        <line num="281" count="16" type="cond" truecount="2" falsecount="0"/>
        <line num="282" count="14" type="stmt"/>
        <line num="285" count="2" type="stmt"/>
        <line num="288" count="2" type="cond" truecount="1" falsecount="1"/>
        <line num="289" count="2" type="stmt"/>
        <line num="294" count="0" type="stmt"/>
        <line num="295" count="0" type="cond" truecount="0" falsecount="5"/>
        <line num="297" count="0" type="stmt"/>
        <line num="298" count="0" type="stmt"/>
        <line num="299" count="0" type="cond" truecount="0" falsecount="2"/>
        <line num="304" count="0" type="cond" truecount="0" falsecount="2"/>
        <line num="307" count="0" type="stmt"/>
        <line num="312" count="0" type="cond" truecount="0" falsecount="4"/>
        <line num="313" count="0" type="stmt"/>
        <line num="317" count="0" type="cond" truecount="0" falsecount="2"/>
        <line num="318" count="0" type="stmt"/>
        <line num="323" count="0" type="cond" truecount="0" falsecount="4"/>
        <line num="324" count="0" type="stmt"/>
        <line num="328" count="0" type="stmt"/>
        <line num="332" count="14" type="stmt"/>
        <line num="333" count="14" type="stmt"/>
        <line num="335" count="14" type="cond" truecount="5" falsecount="0"/>
        <line num="336" count="4" type="stmt"/>
        <line num="337" count="6" type="stmt"/>
        <line num="338" count="6" type="cond" truecount="1" falsecount="1"/>
        <line num="341" count="4" type="stmt"/>
        <line num="343" count="4" type="stmt"/>
        <line num="351" count="10" type="stmt"/>
        <line num="354" count="62" type="stmt"/>
        <line num="355" count="62" type="stmt"/>
        <line num="357" count="0" type="stmt"/>
        <line num="358" count="0" type="stmt"/>
        <line num="359" count="0" type="stmt"/>
        <line num="360" count="0" type="stmt"/>
        <line num="362" count="62" type="stmt"/>
        <line num="366" count="117" type="stmt"/>
        <line num="369" count="2" type="cond" truecount="2" falsecount="0"/>
        <line num="370" count="1" type="stmt"/>
        <line num="373" count="1" type="stmt"/>
        <line num="374" count="1" type="stmt"/>
        <line num="378" count="1" type="cond" truecount="1" falsecount="1"/>
        <line num="379" count="1" type="stmt"/>
        <line num="381" count="1" type="cond" truecount="1" falsecount="1"/>
        <line num="382" count="1" type="stmt"/>
        <line num="384" count="1" type="cond" truecount="1" falsecount="1"/>
        <line num="385" count="0" type="stmt"/>
        <line num="388" count="1" type="stmt"/>
        <line num="393" count="117" type="stmt"/>
        <line num="396" count="3" type="cond" truecount="3" falsecount="2"/>
        <line num="397" count="0" type="stmt"/>
        <line num="401" count="3" type="cond" truecount="5" falsecount="0"/>
        <line num="402" count="1" type="stmt"/>
        <line num="406" count="2" type="cond" truecount="2" falsecount="2"/>
        <line num="407" count="0" type="cond" truecount="0" falsecount="2"/>
        <line num="413" count="0" type="cond" truecount="0" falsecount="2"/>
        <line num="414" count="0" type="stmt"/>
        <line num="415" count="0" type="cond" truecount="0" falsecount="2"/>
        <line num="416" count="0" type="cond" truecount="0" falsecount="2"/>
        <line num="418" count="0" type="cond" truecount="0" falsecount="2"/>
        <line num="424" count="0" type="stmt"/>
        <line num="427" count="0" type="cond" truecount="0" falsecount="4"/>
        <line num="428" count="0" type="cond" truecount="0" falsecount="4"/>
        <line num="431" count="0" type="stmt"/>
        <line num="436" count="0" type="stmt"/>
        <line num="437" count="0" type="stmt"/>
        <line num="441" count="0" type="stmt"/>
        <line num="447" count="2" type="stmt"/>
        <line num="448" count="2" type="stmt"/>
        <line num="461" count="2" type="cond" truecount="5" falsecount="0"/>
        <line num="462" count="1" type="stmt"/>
        <line num="463" count="1" type="stmt"/>
        <line num="477" count="117" type="stmt"/>
        <line num="480" count="5" type="cond" truecount="2" falsecount="0"/>
        <line num="481" count="1" type="stmt"/>
        <line num="487" count="4" type="cond" truecount="6" falsecount="0"/>
        <line num="491" count="2" type="cond" truecount="2" falsecount="0"/>
        <line num="492" count="1" type="stmt"/>
        <line num="497" count="3" type="stmt"/>
        <line num="502" count="117" type="stmt"/>
        <line num="511" count="117" type="stmt"/>
        <line num="520" count="12" type="stmt"/>
        <line num="521" count="12" type="cond" truecount="1" falsecount="1"/>
        <line num="524" count="12" type="stmt"/>
        <line num="533" count="12" type="stmt"/>
        <line num="534" count="12" type="stmt"/>
        <line num="535" count="12" type="stmt"/>
        <line num="536" count="12" type="stmt"/>
        <line num="538" count="12" type="cond" truecount="2" falsecount="0"/>
        <line num="539" count="1" type="stmt"/>
        <line num="540" count="1" type="cond" truecount="1" falsecount="1"/>
        <line num="541" count="1" type="cond" truecount="2" falsecount="0"/>
        <line num="543" count="1" type="cond" truecount="1" falsecount="1"/>
        <line num="545" count="1" type="stmt"/>
        <line num="546" count="1" type="cond" truecount="1" falsecount="1"/>
        <line num="547" count="1" type="stmt"/>
        <line num="548" count="1" type="stmt"/>
        <line num="550" count="0" type="cond" truecount="0" falsecount="2"/>
        <line num="551" count="0" type="stmt"/>
        <line num="552" count="0" type="cond" truecount="0" falsecount="2"/>
        <line num="553" count="0" type="stmt"/>
        <line num="554" count="0" type="stmt"/>
        <line num="555" count="0" type="stmt"/>
        <line num="561" count="12" type="stmt"/>
        <line num="562" count="12" type="stmt"/>
        <line num="564" count="12" type="cond" truecount="2" falsecount="0"/>
        <line num="566" count="4" type="stmt"/>
        <line num="567" count="4" type="cond" truecount="1" falsecount="1"/>
        <line num="568" count="4" type="stmt"/>
        <line num="569" count="4" type="stmt"/>
        <line num="571" count="8" type="cond" truecount="1" falsecount="1"/>
        <line num="572" count="8" type="stmt"/>
        <line num="573" count="8" type="cond" truecount="1" falsecount="1"/>
        <line num="574" count="8" type="stmt"/>
        <line num="575" count="8" type="stmt"/>
        <line num="576" count="8" type="stmt"/>
        <line num="581" count="12" type="stmt"/>
        <line num="596" count="12" type="cond" truecount="2" falsecount="0"/>
        <line num="597" count="2" type="stmt"/>
        <line num="600" count="12" type="cond" truecount="2" falsecount="0"/>
        <line num="601" count="5" type="stmt"/>
        <line num="604" count="12" type="cond" truecount="2" falsecount="0"/>
        <line num="605" count="5" type="stmt"/>
        <line num="608" count="12" type="stmt"/>
        <line num="611" count="12" type="stmt"/>
        <line num="619" count="117" type="stmt"/>
        <line num="621" count="5" type="stmt"/>
        <line num="623" count="5" type="stmt"/>
        <line num="634" count="117" type="stmt"/>
        <line num="636" count="1" type="stmt"/>
        <line num="637" count="1" type="stmt"/>
        <line num="642" count="117" type="stmt"/>
        <line num="644" count="1" type="stmt"/>
        <line num="647" count="1" type="stmt"/>
        <line num="648" count="1" type="stmt"/>
        <line num="653" count="1" type="stmt"/>
        <line num="655" count="1" type="stmt"/>
        <line num="661" count="1" type="stmt"/>
        <line num="666" count="117" type="stmt"/>
        <line num="668" count="7" type="stmt"/>
        <line num="672" count="7" type="stmt"/>
        <line num="676" count="7" type="cond" truecount="2" falsecount="2"/>
        <line num="677" count="0" type="cond" truecount="0" falsecount="4"/>
        <line num="679" count="0" type="cond" truecount="0" falsecount="2"/>
        <line num="680" count="0" type="stmt"/>
        <line num="684" count="0" type="cond" truecount="0" falsecount="2"/>
        <line num="685" count="0" type="stmt"/>
        <line num="690" count="7" type="stmt"/>
        <line num="701" count="117" type="stmt"/>
        <line num="705" count="62" type="cond" truecount="4" falsecount="1"/>
        <line num="706" count="0" type="stmt"/>
        <line num="707" count="0" type="stmt"/>
        <line num="710" count="62" type="stmt"/>
        <line num="714" count="62" type="cond" truecount="2" falsecount="0"/>
        <line num="722" count="62" type="cond" truecount="2" falsecount="0"/>
        <line num="728" count="62" type="cond" truecount="2" falsecount="0"/>
        <line num="734" count="62" type="stmt"/>
        <line num="735" count="61" type="stmt"/>
        <line num="736" count="61" type="stmt"/>
        <line num="737" count="1" type="stmt"/>
        <line num="738" count="62" type="stmt"/>
        <line num="739" count="62" type="stmt"/>
        <line num="741" count="62" type="stmt"/>
        <line num="744" count="117" type="stmt"/>
        <line num="746" count="4" type="cond" truecount="4" falsecount="0"/>
        <line num="747" count="2" type="stmt"/>
        <line num="752" count="117" type="stmt"/>
      </file>
      <file name="useMediaQuery.tsx" path="/home/ubuntu/duty-app/src/hooks/useMediaQuery.tsx">
        <metrics statements="11" coveredstatements="10" conditionals="2" coveredconditionals="1" methods="5" coveredmethods="4"/>
        <line num="4" count="30" type="stmt"/>
        <line num="5" count="22" type="cond" truecount="1" falsecount="1"/>
        <line num="6" count="22" type="stmt"/>
        <line num="8" count="0" type="stmt"/>
        <line num="11" count="30" type="stmt"/>
        <line num="12" count="22" type="stmt"/>
        <line num="13" count="22" type="stmt"/>
        <line num="16" count="22" type="stmt"/>
        <line num="19" count="22" type="stmt"/>
        <line num="22" count="22" type="stmt"/>
        <line num="25" count="30" type="stmt"/>
      </file>
      <file name="useUnits.tsx" path="/home/ubuntu/duty-app/src/hooks/useUnits.tsx">
        <metrics statements="67" coveredstatements="66" conditionals="18" coveredconditionals="14" methods="32" coveredmethods="30"/>
        <line num="44" count="97" type="stmt"/>
        <line num="45" count="97" type="stmt"/>
        <line num="46" count="97" type="stmt"/>
        <line num="48" count="97" type="stmt"/>
        <line num="49" count="40" type="stmt"/>
        <line num="50" count="40" type="stmt"/>
        <line num="52" count="40" type="stmt"/>
        <line num="55" count="39" type="stmt"/>
        <line num="57" count="39" type="stmt"/>
        <line num="58" count="49" type="stmt"/>
        <line num="59" count="49" type="stmt"/>
        <line num="73" count="39" type="stmt"/>
        <line num="74" count="30" type="stmt"/>
        <line num="75" count="30" type="stmt"/>
        <line num="76" count="30" type="cond" truecount="2" falsecount="0"/>
        <line num="77" count="13" type="stmt"/>
        <line num="80" count="39" type="stmt"/>
        <line num="81" count="39" type="stmt"/>
        <line num="82" count="39" type="stmt"/>
        <line num="85" count="1" type="stmt"/>
        <line num="86" count="1" type="stmt"/>
        <line num="87" count="1" type="stmt"/>
        <line num="88" count="1" type="stmt"/>
        <line num="92" count="40" type="stmt"/>
        <line num="95" count="97" type="stmt"/>
        <line num="96" count="79" type="stmt"/>
        <line num="98" count="97" type="stmt"/>
        <line num="99" count="79" type="stmt"/>
        <line num="101" count="97" type="stmt"/>
        <line num="102" count="79" type="stmt"/>
        <line num="104" count="97" type="stmt"/>
        <line num="105" count="2" type="stmt"/>
        <line num="108" count="97" type="stmt"/>
        <line num="109" count="5" type="stmt"/>
        <line num="112" count="97" type="stmt"/>
        <line num="113" count="4" type="stmt"/>
        <line num="114" count="8" type="stmt"/>
        <line num="116" count="4" type="stmt"/>
        <line num="117" count="6" type="stmt"/>
        <line num="118" count="4" type="cond" truecount="1" falsecount="1"/>
        <line num="119" count="4" type="stmt"/>
        <line num="120" count="4" type="stmt"/>
        <line num="122" count="0" type="stmt"/>
        <line num="126" count="4" type="stmt"/>
        <line num="129" count="97" type="stmt"/>
        <line num="130" count="5" type="stmt"/>
        <line num="131" count="3" type="cond" truecount="2" falsecount="0"/>
        <line num="133" count="2" type="stmt"/>
        <line num="134" count="2" type="stmt"/>
        <line num="135" count="4" type="stmt"/>
        <line num="138" count="97" type="stmt"/>
        <line num="139" count="2" type="stmt"/>
        <line num="141" count="2" type="stmt"/>
        <line num="142" count="6" type="stmt"/>
        <line num="145" count="2" type="stmt"/>
        <line num="147" count="2" type="stmt"/>
        <line num="148" count="6" type="cond" truecount="2" falsecount="0"/>
        <line num="149" count="3" type="stmt"/>
        <line num="150" count="3" type="cond" truecount="1" falsecount="1"/>
        <line num="151" count="3" type="stmt"/>
        <line num="154" count="3" type="stmt"/>
        <line num="158" count="2" type="stmt"/>
        <line num="161" count="97" type="stmt"/>
        <line num="162" count="6" type="cond" truecount="2" falsecount="0"/>
        <line num="165" count="97" type="stmt"/>
        <line num="166" count="8" type="cond" truecount="2" falsecount="0"/>
        <line num="169" count="97" type="stmt"/>
      </file>
      <file name="useUnitsManagement.tsx" path="/home/ubuntu/duty-app/src/hooks/useUnitsManagement.tsx">
        <metrics statements="60" coveredstatements="60" conditionals="40" coveredconditionals="38" methods="6" coveredmethods="6"/>
        <line num="49" count="14" type="stmt"/>
        <line num="50" count="14" type="stmt"/>
        <line num="51" count="14" type="stmt"/>
        <line num="54" count="14" type="stmt"/>
        <line num="55" count="9" type="cond" truecount="1" falsecount="1"/>
        <line num="56" count="14" type="stmt"/>
        <line num="57" count="9" type="cond" truecount="2" falsecount="0"/>
        <line num="58" count="7" type="cond" truecount="2" falsecount="0"/>
        <line num="59" count="3" type="cond" truecount="1" falsecount="1"/>
        <line num="62" count="14" type="stmt"/>
        <line num="68" count="5" type="stmt"/>
        <line num="69" count="5" type="stmt"/>
        <line num="73" count="5" type="stmt"/>
        <line num="74" count="5" type="cond" truecount="2" falsecount="0"/>
        <line num="78" count="5" type="stmt"/>
        <line num="91" count="4" type="stmt"/>
        <line num="97" count="4" type="stmt"/>
        <line num="98" count="4" type="stmt"/>
        <line num="100" count="4" type="stmt"/>
        <line num="112" count="1" type="stmt"/>
        <line num="113" count="1" type="stmt"/>
        <line num="117" count="14" type="stmt"/>
        <line num="118" count="7" type="stmt"/>
        <line num="119" count="7" type="stmt"/>
        <line num="120" count="7" type="stmt"/>
        <line num="122" count="7" type="cond" truecount="2" falsecount="0"/>
        <line num="123" count="7" type="cond" truecount="2" falsecount="0"/>
        <line num="124" count="7" type="cond" truecount="2" falsecount="0"/>
        <line num="125" count="7" type="cond" truecount="2" falsecount="0"/>
        <line num="126" count="7" type="cond" truecount="2" falsecount="0"/>
        <line num="127" count="7" type="cond" truecount="2" falsecount="0"/>
        <line num="129" count="7" type="stmt"/>
        <line num="133" count="6" type="cond" truecount="2" falsecount="0"/>
        <line num="134" count="4" type="stmt"/>
        <line num="135" count="4" type="stmt"/>
        <line num="137" count="4" type="stmt"/>
        <line num="138" count="4" type="stmt"/>
        <line num="140" count="4" type="cond" truecount="2" falsecount="0"/>
        <line num="142" count="3" type="stmt"/>
        <line num="143" count="3" type="stmt"/>
        <line num="147" count="3" type="cond" truecount="2" falsecount="0"/>
        <line num="148" count="2" type="stmt"/>
        <line num="150" count="3" type="stmt"/>
        <line num="152" count="1" type="stmt"/>
        <line num="156" count="1" type="stmt"/>
        <line num="160" count="6" type="stmt"/>
        <line num="161" count="6" type="stmt"/>
        <line num="162" count="6" type="stmt"/>
        <line num="164" count="1" type="stmt"/>
        <line num="165" count="1" type="stmt"/>
        <line num="169" count="14" type="stmt"/>
        <line num="170" count="2" type="stmt"/>
        <line num="171" count="2" type="stmt"/>
        <line num="172" count="2" type="stmt"/>
        <line num="174" count="1" type="stmt"/>
        <line num="175" count="1" type="stmt"/>
        <line num="176" count="1" type="stmt"/>
        <line num="178" count="1" type="stmt"/>
        <line num="179" count="1" type="stmt"/>
        <line num="183" count="14" type="stmt"/>
      </file>
      <file name="useUserBattalion.tsx" path="/home/ubuntu/duty-app/src/hooks/useUserBattalion.tsx">
        <metrics statements="58" coveredstatements="44" conditionals="18" coveredconditionals="13" methods="5" coveredmethods="4"/>
        <line num="16" count="64" type="stmt"/>
        <line num="17" count="64" type="stmt"/>
        <line num="18" count="64" type="stmt"/>
        <line num="19" count="64" type="stmt"/>
        <line num="20" count="64" type="stmt"/>
        <line num="22" count="64" type="stmt"/>
        <line num="23" count="24" type="cond" truecount="2" falsecount="0"/>
        <line num="24" count="1" type="stmt"/>
        <line num="25" count="1" type="stmt"/>
        <line num="26" count="1" type="stmt"/>
        <line num="27" count="1" type="stmt"/>
        <line num="30" count="23" type="stmt"/>
        <line num="31" count="23" type="stmt"/>
        <line num="32" count="23" type="stmt"/>
        <line num="38" count="23" type="cond" truecount="1" falsecount="1"/>
        <line num="39" count="0" type="stmt"/>
        <line num="40" count="0" type="stmt"/>
        <line num="41" count="0" type="stmt"/>
        <line num="42" count="0" type="stmt"/>
        <line num="44" count="0" type="stmt"/>
        <line num="47" count="23" type="stmt"/>
        <line num="50" count="23" type="stmt"/>
        <line num="51" count="23" type="stmt"/>
        <line num="55" count="23" type="stmt"/>
        <line num="56" count="23" type="stmt"/>
        <line num="58" count="23" type="cond" truecount="2" falsecount="0"/>
        <line num="59" count="19" type="stmt"/>
        <line num="60" count="19" type="cond" truecount="2" falsecount="0"/>
        <line num="61" count="19" type="stmt"/>
        <line num="64" count="4" type="stmt"/>
        <line num="65" count="4" type="cond" truecount="1" falsecount="1"/>
        <line num="66" count="24" type="stmt"/>
        <line num="67" count="24" type="stmt"/>
        <line num="70" count="24" type="cond" truecount="1" falsecount="1"/>
        <line num="71" count="0" type="stmt"/>
        <line num="72" count="0" type="stmt"/>
        <line num="73" count="0" type="stmt"/>
        <line num="75" count="4" type="stmt"/>
        <line num="80" count="4" type="cond" truecount="1" falsecount="1"/>
        <line num="81" count="0" type="stmt"/>
        <line num="82" count="0" type="stmt"/>
        <line num="85" count="4" type="stmt"/>
        <line num="86" count="4" type="stmt"/>
        <line num="88" count="4" type="cond" truecount="2" falsecount="0"/>
        <line num="89" count="3" type="stmt"/>
        <line num="90" count="3" type="cond" truecount="1" falsecount="1"/>
        <line num="91" count="3" type="stmt"/>
        <line num="92" count="3" type="stmt"/>
        <line num="95" count="1" type="stmt"/>
        <line num="96" count="1" type="stmt"/>
        <line num="99" count="0" type="stmt"/>
        <line num="100" count="0" type="stmt"/>
        <line num="101" count="0" type="stmt"/>
        <line num="102" count="0" type="stmt"/>
        <line num="104" count="23" type="stmt"/>
        <line num="108" count="64" type="stmt"/>
        <line num="109" count="24" type="stmt"/>
        <line num="112" count="64" type="stmt"/>
      </file>
    </package>
    <package name="i18n">
      <metrics statements="1" coveredstatements="1" conditionals="0" coveredconditionals="0" methods="0" coveredmethods="0"/>
      <file name="translations.ts" path="/home/ubuntu/duty-app/src/i18n/translations.ts">
        <metrics statements="1" coveredstatements="1" conditionals="0" coveredconditionals="0" methods="0" coveredmethods="0"/>
        <line num="3" count="3" type="stmt"/>
      </file>
    </package>
    <package name="lib">
      <metrics statements="14" coveredstatements="13" conditionals="8" coveredconditionals="8" methods="7" coveredmethods="6"/>
      <file name="utils.ts" path="/home/ubuntu/duty-app/src/lib/utils.ts">
        <metrics statements="1" coveredstatements="1" conditionals="0" coveredconditionals="0" methods="1" coveredmethods="1"/>
        <line num="5" count="5430" type="stmt"/>
      </file>
      <file name="version.ts" path="/home/ubuntu/duty-app/src/lib/version.ts">
        <metrics statements="13" coveredstatements="12" conditionals="8" coveredconditionals="8" methods="6" coveredmethods="5"/>
        <line num="12" count="58" type="stmt"/>
        <line num="16" count="0" type="stmt"/>
        <line num="21" count="4" type="stmt"/>
        <line num="25" count="1" type="stmt"/>
        <line num="29" count="23" type="stmt"/>
        <line num="30" count="23" type="stmt"/>
        <line num="32" count="23" type="stmt"/>
        <line num="33" count="48" type="cond" truecount="2" falsecount="0"/>
        <line num="34" count="48" type="cond" truecount="2" falsecount="0"/>
        <line num="36" count="48" type="cond" truecount="2" falsecount="0"/>
        <line num="37" count="39" type="cond" truecount="2" falsecount="0"/>
        <line num="40" count="6" type="stmt"/>
        <line num="44" count="9" type="stmt"/>
      </file>
    </package>
  </project>
</coverage>
