{"/home/ubuntu/duty-app/src/components/approvals/ApprovalsManagement.tsx": {"path":"/home/ubuntu/duty-app/src/components/approvals/ApprovalsManagement.tsx","statementMap":{"0":{"start":{"line":42,"column":16},"end":{"line":42,"column":null}},"1":{"start":{"line":43,"column":89},"end":{"line":43,"column":null}},"2":{"start":{"line":44,"column":74},"end":{"line":44,"column":null}},"3":{"start":{"line":45,"column":17},"end":{"line":45,"column":null}},"4":{"start":{"line":46,"column":13},"end":{"line":46,"column":null}},"5":{"start":{"line":48,"column":25},"end":{"line":48,"column":null}},"6":{"start":{"line":50,"column":31},"end":{"line":50,"column":null}},"7":{"start":{"line":51,"column":29},"end":{"line":51,"column":null}},"8":{"start":{"line":52,"column":39},"end":{"line":52,"column":null}},"9":{"start":{"line":53,"column":41},"end":{"line":53,"column":null}},"10":{"start":{"line":54,"column":49},"end":{"line":54,"column":null}},"11":{"start":{"line":55,"column":45},"end":{"line":55,"column":null}},"12":{"start":{"line":58,"column":49},"end":{"line":58,"column":null}},"13":{"start":{"line":59,"column":39},"end":{"line":59,"column":null}},"14":{"start":{"line":60,"column":37},"end":{"line":60,"column":null}},"15":{"start":{"line":62,"column":24},"end":{"line":84,"column":null}},"16":{"start":{"line":63,"column":4},"end":{"line":83,"column":null}},"17":{"start":{"line":64,"column":6},"end":{"line":64,"column":null}},"18":{"start":{"line":65,"column":12},"end":{"line":65,"column":null}},"19":{"start":{"line":66,"column":12},"end":{"line":66,"column":null}},"20":{"start":{"line":67,"column":23},"end":{"line":67,"column":null}},"21":{"start":{"line":69,"column":19},"end":{"line":72,"column":null}},"22":{"start":{"line":69,"column":51},"end":{"line":72,"column":null}},"23":{"start":{"line":74,"column":6},"end":{"line":74,"column":null}},"24":{"start":{"line":76,"column":6},"end":{"line":80,"column":null}},"25":{"start":{"line":82,"column":6},"end":{"line":82,"column":null}},"26":{"start":{"line":86,"column":2},"end":{"line":90,"column":null}},"27":{"start":{"line":87,"column":4},"end":{"line":89,"column":null}},"28":{"start":{"line":88,"column":6},"end":{"line":88,"column":null}},"29":{"start":{"line":92,"column":22},"end":{"line":95,"column":null}},"30":{"start":{"line":93,"column":4},"end":{"line":93,"column":null}},"31":{"start":{"line":93,"column":34},"end":{"line":93,"column":null}},"32":{"start":{"line":94,"column":4},"end":{"line":94,"column":null}},"33":{"start":{"line":98,"column":25},"end":{"line":104,"column":null}},"34":{"start":{"line":99,"column":4},"end":{"line":99,"column":null}},"35":{"start":{"line":99,"column":17},"end":{"line":99,"column":null}},"36":{"start":{"line":100,"column":17},"end":{"line":100,"column":null}},"37":{"start":{"line":100,"column":35},"end":{"line":100,"column":null}},"38":{"start":{"line":101,"column":4},"end":{"line":101,"column":null}},"39":{"start":{"line":101,"column":15},"end":{"line":101,"column":null}},"40":{"start":{"line":102,"column":4},"end":{"line":102,"column":null}},"41":{"start":{"line":102,"column":40},"end":{"line":102,"column":null}},"42":{"start":{"line":103,"column":4},"end":{"line":103,"column":null}},"43":{"start":{"line":106,"column":24},"end":{"line":180,"column":null}},"44":{"start":{"line":107,"column":4},"end":{"line":107,"column":null}},"45":{"start":{"line":108,"column":4},"end":{"line":179,"column":null}},"46":{"start":{"line":110,"column":6},"end":{"line":114,"column":null}},"47":{"start":{"line":117,"column":12},"end":{"line":117,"column":null}},"48":{"start":{"line":118,"column":26},"end":{"line":118,"column":null}},"49":{"start":{"line":120,"column":6},"end":{"line":134,"column":null}},"50":{"start":{"line":121,"column":25},"end":{"line":121,"column":null}},"51":{"start":{"line":122,"column":29},"end":{"line":122,"column":49}},"52":{"start":{"line":123,"column":8},"end":{"line":127,"column":null}},"53":{"start":{"line":124,"column":10},"end":{"line":126,"column":null}},"54":{"start":{"line":130,"column":8},"end":{"line":133,"column":null}},"55":{"start":{"line":137,"column":24},"end":{"line":137,"column":null}},"56":{"start":{"line":138,"column":24},"end":{"line":138,"column":null}},"57":{"start":{"line":139,"column":23},"end":{"line":139,"column":null}},"58":{"start":{"line":141,"column":26},"end":{"line":141,"column":null}},"59":{"start":{"line":142,"column":6},"end":{"line":163,"column":null}},"60":{"start":{"line":143,"column":8},"end":{"line":159,"column":null}},"61":{"start":{"line":161,"column":8},"end":{"line":161,"column":null}},"62":{"start":{"line":165,"column":6},"end":{"line":168,"column":null}},"63":{"start":{"line":170,"column":6},"end":{"line":170,"column":null}},"64":{"start":{"line":172,"column":6},"end":{"line":176,"column":null}},"65":{"start":{"line":178,"column":6},"end":{"line":178,"column":null}},"66":{"start":{"line":182,"column":24},"end":{"line":212,"column":null}},"67":{"start":{"line":183,"column":4},"end":{"line":183,"column":null}},"68":{"start":{"line":183,"column":26},"end":{"line":183,"column":null}},"69":{"start":{"line":185,"column":4},"end":{"line":185,"column":null}},"70":{"start":{"line":186,"column":4},"end":{"line":211,"column":null}},"71":{"start":{"line":187,"column":6},"end":{"line":192,"column":null}},"72":{"start":{"line":194,"column":6},"end":{"line":197,"column":null}},"73":{"start":{"line":199,"column":6},"end":{"line":199,"column":null}},"74":{"start":{"line":200,"column":6},"end":{"line":200,"column":null}},"75":{"start":{"line":201,"column":6},"end":{"line":201,"column":null}},"76":{"start":{"line":202,"column":6},"end":{"line":202,"column":null}},"77":{"start":{"line":204,"column":6},"end":{"line":208,"column":null}},"78":{"start":{"line":210,"column":6},"end":{"line":210,"column":null}},"79":{"start":{"line":214,"column":28},"end":{"line":218,"column":null}},"80":{"start":{"line":215,"column":4},"end":{"line":215,"column":null}},"81":{"start":{"line":216,"column":4},"end":{"line":216,"column":null}},"82":{"start":{"line":217,"column":4},"end":{"line":217,"column":null}},"83":{"start":{"line":220,"column":26},"end":{"line":220,"column":null}},"84":{"start":{"line":220,"column":49},"end":{"line":220,"column":null}},"85":{"start":{"line":221,"column":28},"end":{"line":221,"column":null}},"86":{"start":{"line":221,"column":51},"end":{"line":221,"column":null}},"87":{"start":{"line":223,"column":2},"end":{"line":229,"column":null}},"88":{"start":{"line":224,"column":4},"end":{"line":226,"column":null}},"89":{"start":{"line":231,"column":2},"end":{"line":237,"column":null}},"90":{"start":{"line":232,"column":4},"end":{"line":234,"column":null}},"91":{"start":{"line":239,"column":2},"end":{"line":493,"column":null}},"92":{"start":{"line":267,"column":37},"end":{"line":267,"column":null}},"93":{"start":{"line":273,"column":68},"end":{"line":273,"column":null}},"94":{"start":{"line":286,"column":57},"end":{"line":286,"column":null}},"95":{"start":{"line":291,"column":18},"end":{"line":294,"column":null}},"96":{"start":{"line":295,"column":18},"end":{"line":295,"column":null}},"97":{"start":{"line":336,"column":36},"end":{"line":337,"column":null}},"98":{"start":{"line":368,"column":39},"end":{"line":368,"column":null}},"99":{"start":{"line":381,"column":39},"end":{"line":381,"column":null}},"100":{"start":{"line":409,"column":38},"end":{"line":410,"column":39}},"101":{"start":{"line":474,"column":31},"end":{"line":474,"column":null}},"102":{"start":{"line":480,"column":53},"end":{"line":480,"column":null}}},"fnMap":{"0":{"name":"ApprovalsManagement","decl":{"start":{"line":41,"column":16},"end":{"line":41,"column":36}},"loc":{"start":{"line":41,"column":94},"end":{"line":500,"column":null}},"line":41},"1":{"name":"(anonymous_1)","decl":{"start":{"line":62,"column":24},"end":{"line":62,"column":null}},"loc":{"start":{"line":62,"column":24},"end":{"line":84,"column":null}},"line":62},"2":{"name":"(anonymous_2)","decl":{"start":{"line":69,"column":37},"end":{"line":69,"column":38}},"loc":{"start":{"line":69,"column":51},"end":{"line":72,"column":null}},"line":69},"3":{"name":"(anonymous_3)","decl":{"start":{"line":86,"column":12},"end":{"line":86,"column":null}},"loc":{"start":{"line":86,"column":12},"end":{"line":90,"column":5}},"line":86},"4":{"name":"(anonymous_4)","decl":{"start":{"line":92,"column":22},"end":{"line":92,"column":23}},"loc":{"start":{"line":92,"column":23},"end":{"line":95,"column":null}},"line":92},"5":{"name":"(anonymous_5)","decl":{"start":{"line":98,"column":25},"end":{"line":98,"column":26}},"loc":{"start":{"line":98,"column":26},"end":{"line":104,"column":null}},"line":98},"6":{"name":"(anonymous_6)","decl":{"start":{"line":100,"column":28},"end":{"line":100,"column":29}},"loc":{"start":{"line":100,"column":35},"end":{"line":100,"column":null}},"line":100},"7":{"name":"(anonymous_7)","decl":{"start":{"line":106,"column":24},"end":{"line":106,"column":31}},"loc":{"start":{"line":106,"column":31},"end":{"line":180,"column":null}},"line":106},"8":{"name":"(anonymous_8)","decl":{"start":{"line":182,"column":24},"end":{"line":182,"column":null}},"loc":{"start":{"line":182,"column":24},"end":{"line":212,"column":null}},"line":182},"9":{"name":"(anonymous_9)","decl":{"start":{"line":214,"column":28},"end":{"line":214,"column":29}},"loc":{"start":{"line":214,"column":29},"end":{"line":218,"column":null}},"line":214},"10":{"name":"(anonymous_10)","decl":{"start":{"line":220,"column":42},"end":{"line":220,"column":43}},"loc":{"start":{"line":220,"column":49},"end":{"line":220,"column":null}},"line":220},"11":{"name":"(anonymous_11)","decl":{"start":{"line":221,"column":44},"end":{"line":221,"column":45}},"loc":{"start":{"line":221,"column":51},"end":{"line":221,"column":null}},"line":221},"12":{"name":"(anonymous_12)","decl":{"start":{"line":267,"column":30},"end":{"line":267,"column":31}},"loc":{"start":{"line":267,"column":37},"end":{"line":267,"column":null}},"line":267},"13":{"name":"(anonymous_13)","decl":{"start":{"line":273,"column":61},"end":{"line":273,"column":62}},"loc":{"start":{"line":273,"column":68},"end":{"line":273,"column":null}},"line":273},"14":{"name":"(anonymous_14)","decl":{"start":{"line":286,"column":51},"end":{"line":286,"column":57}},"loc":{"start":{"line":286,"column":57},"end":{"line":286,"column":null}},"line":286},"15":{"name":"(anonymous_15)","decl":{"start":{"line":289,"column":33},"end":{"line":289,"column":null}},"loc":{"start":{"line":289,"column":33},"end":{"line":296,"column":null}},"line":289},"16":{"name":"(anonymous_16)","decl":{"start":{"line":336,"column":35},"end":{"line":336,"column":36}},"loc":{"start":{"line":336,"column":36},"end":{"line":337,"column":null}},"line":336},"17":{"name":"(anonymous_17)","decl":{"start":{"line":368,"column":33},"end":{"line":368,"column":39}},"loc":{"start":{"line":368,"column":39},"end":{"line":368,"column":null}},"line":368},"18":{"name":"(anonymous_18)","decl":{"start":{"line":381,"column":33},"end":{"line":381,"column":39}},"loc":{"start":{"line":381,"column":39},"end":{"line":381,"column":null}},"line":381},"19":{"name":"(anonymous_19)","decl":{"start":{"line":409,"column":37},"end":{"line":409,"column":38}},"loc":{"start":{"line":409,"column":38},"end":{"line":410,"column":39}},"line":409},"20":{"name":"(anonymous_20)","decl":{"start":{"line":474,"column":24},"end":{"line":474,"column":25}},"loc":{"start":{"line":474,"column":31},"end":{"line":474,"column":null}},"line":474},"21":{"name":"(anonymous_21)","decl":{"start":{"line":480,"column":47},"end":{"line":480,"column":53}},"loc":{"start":{"line":480,"column":53},"end":{"line":480,"column":null}},"line":480}},"branchMap":{"0":{"loc":{"start":{"line":41,"column":38},"end":{"line":41,"column":55}},"type":"default-arg","locations":[{"start":{"line":41,"column":51},"end":{"line":41,"column":55}}],"line":41},"1":{"loc":{"start":{"line":48,"column":25},"end":{"line":48,"column":null}},"type":"binary-expr","locations":[{"start":{"line":48,"column":25},"end":{"line":48,"column":45}},{"start":{"line":48,"column":45},"end":{"line":48,"column":null}}],"line":48},"2":{"loc":{"start":{"line":87,"column":4},"end":{"line":89,"column":null}},"type":"if","locations":[{"start":{"line":87,"column":4},"end":{"line":89,"column":null}},{"start":{},"end":{}}],"line":87},"3":{"loc":{"start":{"line":93,"column":4},"end":{"line":93,"column":null}},"type":"if","locations":[{"start":{"line":93,"column":4},"end":{"line":93,"column":null}},{"start":{},"end":{}}],"line":93},"4":{"loc":{"start":{"line":94,"column":11},"end":{"line":94,"column":null}},"type":"binary-expr","locations":[{"start":{"line":94,"column":11},"end":{"line":94,"column":59}},{"start":{"line":94,"column":59},"end":{"line":94,"column":null}}],"line":94},"5":{"loc":{"start":{"line":99,"column":4},"end":{"line":99,"column":null}},"type":"if","locations":[{"start":{"line":99,"column":4},"end":{"line":99,"column":null}},{"start":{},"end":{}}],"line":99},"6":{"loc":{"start":{"line":101,"column":4},"end":{"line":101,"column":null}},"type":"if","locations":[{"start":{"line":101,"column":4},"end":{"line":101,"column":null}},{"start":{},"end":{}}],"line":101},"7":{"loc":{"start":{"line":102,"column":4},"end":{"line":102,"column":null}},"type":"if","locations":[{"start":{"line":102,"column":4},"end":{"line":102,"column":null}},{"start":{},"end":{}}],"line":102},"8":{"loc":{"start":{"line":120,"column":6},"end":{"line":134,"column":null}},"type":"if","locations":[{"start":{"line":120,"column":6},"end":{"line":134,"column":null}},{"start":{"line":128,"column":13},"end":{"line":134,"column":null}}],"line":120},"9":{"loc":{"start":{"line":122,"column":29},"end":{"line":122,"column":49}},"type":"binary-expr","locations":[{"start":{"line":122,"column":29},"end":{"line":122,"column":43}},{"start":{"line":122,"column":47},"end":{"line":122,"column":49}}],"line":122},"10":{"loc":{"start":{"line":123,"column":8},"end":{"line":127,"column":null}},"type":"if","locations":[{"start":{"line":123,"column":8},"end":{"line":127,"column":null}},{"start":{},"end":{}}],"line":123},"11":{"loc":{"start":{"line":138,"column":24},"end":{"line":138,"column":null}},"type":"binary-expr","locations":[{"start":{"line":138,"column":24},"end":{"line":138,"column":36}},{"start":{"line":138,"column":40},"end":{"line":138,"column":null}}],"line":138},"12":{"loc":{"start":{"line":139,"column":23},"end":{"line":139,"column":null}},"type":"binary-expr","locations":[{"start":{"line":139,"column":23},"end":{"line":139,"column":55}},{"start":{"line":139,"column":55},"end":{"line":139,"column":null}}],"line":139},"13":{"loc":{"start":{"line":147,"column":17},"end":{"line":147,"column":null}},"type":"binary-expr","locations":[{"start":{"line":147,"column":17},"end":{"line":147,"column":30}},{"start":{"line":147,"column":34},"end":{"line":147,"column":null}}],"line":147},"14":{"loc":{"start":{"line":149,"column":18},"end":{"line":149,"column":null}},"type":"binary-expr","locations":[{"start":{"line":149,"column":18},"end":{"line":149,"column":41}},{"start":{"line":149,"column":45},"end":{"line":149,"column":null}}],"line":149},"15":{"loc":{"start":{"line":158,"column":14},"end":{"line":158,"column":null}},"type":"cond-expr","locations":[{"start":{"line":158,"column":28},"end":{"line":158,"column":46}},{"start":{"line":158,"column":46},"end":{"line":158,"column":null}}],"line":158},"16":{"loc":{"start":{"line":183,"column":4},"end":{"line":183,"column":null}},"type":"if","locations":[{"start":{"line":183,"column":4},"end":{"line":183,"column":null}},{"start":{},"end":{}}],"line":183},"17":{"loc":{"start":{"line":189,"column":23},"end":{"line":189,"column":null}},"type":"binary-expr","locations":[{"start":{"line":189,"column":23},"end":{"line":189,"column":40}},{"start":{"line":189,"column":40},"end":{"line":189,"column":null}}],"line":189},"18":{"loc":{"start":{"line":223,"column":2},"end":{"line":229,"column":null}},"type":"if","locations":[{"start":{"line":223,"column":2},"end":{"line":229,"column":null}},{"start":{},"end":{}}],"line":223},"19":{"loc":{"start":{"line":223,"column":6},"end":{"line":223,"column":36}},"type":"binary-expr","locations":[{"start":{"line":223,"column":6},"end":{"line":223,"column":22}},{"start":{"line":223,"column":22},"end":{"line":223,"column":36}}],"line":223},"20":{"loc":{"start":{"line":231,"column":2},"end":{"line":237,"column":null}},"type":"if","locations":[{"start":{"line":231,"column":2},"end":{"line":237,"column":null}},{"start":{},"end":{}}],"line":231},"21":{"loc":{"start":{"line":241,"column":7},"end":{"line":297,"column":null}},"type":"binary-expr","locations":[{"start":{"line":241,"column":7},"end":{"line":241,"column":null}},{"start":{"line":241,"column":7},"end":{"line":297,"column":null}}],"line":241},"22":{"loc":{"start":{"line":280,"column":23},"end":{"line":280,"column":null}},"type":"binary-expr","locations":[{"start":{"line":280,"column":23},"end":{"line":280,"column":43}},{"start":{"line":280,"column":23},"end":{"line":280,"column":null}}],"line":280},"23":{"loc":{"start":{"line":310,"column":13},"end":{"line":312,"column":null}},"type":"binary-expr","locations":[{"start":{"line":310,"column":13},"end":{"line":310,"column":null}},{"start":{"line":310,"column":38},"end":{"line":312,"column":null}}],"line":310},"24":{"loc":{"start":{"line":323,"column":11},"end":{"line":337,"column":null}},"type":"cond-expr","locations":[{"start":{"line":323,"column":11},"end":{"line":327,"column":30}},{"start":{"line":327,"column":14},"end":{"line":337,"column":null}}],"line":323},"25":{"loc":{"start":{"line":327,"column":14},"end":{"line":337,"column":null}},"type":"cond-expr","locations":[{"start":{"line":327,"column":41},"end":{"line":335,"column":13}},{"start":{"line":335,"column":12},"end":{"line":337,"column":null}}],"line":327},"26":{"loc":{"start":{"line":358,"column":82},"end":{"line":358,"column":null}},"type":"binary-expr","locations":[{"start":{"line":358,"column":82},"end":{"line":358,"column":95}},{"start":{"line":358,"column":99},"end":{"line":358,"column":null}}],"line":358},"27":{"loc":{"start":{"line":371,"column":25},"end":{"line":374,"column":null}},"type":"cond-expr","locations":[{"start":{"line":371,"column":52},"end":{"line":374,"column":27}},{"start":{"line":374,"column":26},"end":{"line":374,"column":null}}],"line":371},"28":{"loc":{"start":{"line":396,"column":11},"end":{"line":410,"column":39}},"type":"cond-expr","locations":[{"start":{"line":396,"column":11},"end":{"line":400,"column":32}},{"start":{"line":400,"column":14},"end":{"line":410,"column":39}}],"line":396},"29":{"loc":{"start":{"line":400,"column":14},"end":{"line":410,"column":39}},"type":"cond-expr","locations":[{"start":{"line":400,"column":43},"end":{"line":408,"column":13}},{"start":{"line":408,"column":12},"end":{"line":410,"column":39}}],"line":400},"30":{"loc":{"start":{"line":418,"column":33},"end":{"line":418,"column":null}},"type":"cond-expr","locations":[{"start":{"line":418,"column":65},"end":{"line":418,"column":77}},{"start":{"line":418,"column":77},"end":{"line":418,"column":null}}],"line":418},"31":{"loc":{"start":{"line":421,"column":25},"end":{"line":424,"column":null}},"type":"cond-expr","locations":[{"start":{"line":421,"column":44},"end":{"line":424,"column":27}},{"start":{"line":424,"column":26},"end":{"line":424,"column":null}}],"line":421},"32":{"loc":{"start":{"line":426,"column":25},"end":{"line":426,"column":null}},"type":"cond-expr","locations":[{"start":{"line":426,"column":57},"end":{"line":426,"column":80}},{"start":{"line":426,"column":80},"end":{"line":426,"column":null}}],"line":426},"33":{"loc":{"start":{"line":443,"column":27},"end":{"line":443,"column":null}},"type":"binary-expr","locations":[{"start":{"line":443,"column":27},"end":{"line":443,"column":45}},{"start":{"line":443,"column":49},"end":{"line":443,"column":null}}],"line":443},"34":{"loc":{"start":{"line":446,"column":23},"end":{"line":449,"column":null}},"type":"binary-expr","locations":[{"start":{"line":446,"column":23},"end":{"line":446,"column":44}},{"start":{"line":446,"column":44},"end":{"line":449,"column":null}}],"line":446},"35":{"loc":{"start":{"line":488,"column":15},"end":{"line":491,"column":null}},"type":"cond-expr","locations":[{"start":{"line":488,"column":49},"end":{"line":491,"column":17}},{"start":{"line":491,"column":16},"end":{"line":491,"column":null}}],"line":488}},"s":{"0":170,"1":170,"2":170,"3":170,"4":170,"5":170,"6":170,"7":170,"8":170,"9":170,"10":170,"11":170,"12":170,"13":170,"14":170,"15":170,"16":51,"17":51,"18":51,"19":51,"20":51,"21":50,"22":29,"23":50,"24":3,"25":51,"26":170,"27":46,"28":45,"29":170,"30":89,"31":2,"32":87,"33":170,"34":8,"35":0,"36":8,"37":12,"38":8,"39":0,"40":8,"41":4,"42":4,"43":170,"44":5,"45":5,"46":5,"47":4,"48":4,"49":4,"50":4,"51":4,"52":4,"53":0,"54":0,"55":4,"56":4,"57":5,"58":5,"59":5,"60":5,"61":0,"62":4,"63":4,"64":1,"65":5,"66":170,"67":3,"68":0,"69":3,"70":3,"71":3,"72":2,"73":2,"74":2,"75":2,"76":2,"77":1,"78":3,"79":170,"80":7,"81":7,"82":7,"83":170,"84":93,"85":170,"86":93,"87":170,"88":3,"89":166,"90":1,"91":165,"92":0,"93":0,"94":0,"95":1,"96":1,"97":81,"98":5,"99":7,"100":8,"101":19,"102":1},"f":{"0":170,"1":51,"2":29,"3":46,"4":89,"5":8,"6":12,"7":5,"8":3,"9":7,"10":93,"11":93,"12":0,"13":0,"14":0,"15":1,"16":81,"17":5,"18":7,"19":8,"20":19,"21":1},"b":{"0":[170],"1":[170,8],"2":[45,1],"3":[2,87],"4":[87,0],"5":[0,8],"6":[0,8],"7":[4,4],"8":[4,0],"9":[4,0],"10":[0,4],"11":[4,0],"12":[5,0],"13":[5,0],"14":[5,0],"15":[4,0],"16":[0,3],"17":[3,3],"18":[3,167],"19":[170,168],"20":[1,165],"21":[165,161],"22":[161,154],"23":[170,83],"24":[47,118],"25":[39,79],"26":[81,2],"27":[8,73],"28":[47,118],"29":[110,8],"30":[4,4],"31":[4,4],"32":[4,4],"33":[8,6],"34":[8,4],"35":[3,162]},"meta":{"lastBranch":36,"lastFunction":22,"lastStatement":103,"seen":{"f:41:16:41:36":0,"b:41:51:41:55":0,"s:42:16:42:Infinity":0,"s:43:89:43:Infinity":1,"s:44:74:44:Infinity":2,"s:45:17:45:Infinity":3,"s:46:13:46:Infinity":4,"s:48:25:48:Infinity":5,"b:48:25:48:45:48:45:48:Infinity":1,"s:50:31:50:Infinity":6,"s:51:29:51:Infinity":7,"s:52:39:52:Infinity":8,"s:53:41:53:Infinity":9,"s:54:49:54:Infinity":10,"s:55:45:55:Infinity":11,"s:58:49:58:Infinity":12,"s:59:39:59:Infinity":13,"s:60:37:60:Infinity":14,"s:62:24:84:Infinity":15,"f:62:24:62:Infinity":1,"s:63:4:83:Infinity":16,"s:64:6:64:Infinity":17,"s:65:12:65:Infinity":18,"s:66:12:66:Infinity":19,"s:67:23:67:Infinity":20,"s:69:19:72:Infinity":21,"f:69:37:69:38":2,"s:69:51:72:Infinity":22,"s:74:6:74:Infinity":23,"s:76:6:80:Infinity":24,"s:82:6:82:Infinity":25,"s:86:2:90:Infinity":26,"f:86:12:86:Infinity":3,"b:87:4:89:Infinity:undefined:undefined:undefined:undefined":2,"s:87:4:89:Infinity":27,"s:88:6:88:Infinity":28,"s:92:22:95:Infinity":29,"f:92:22:92:23":4,"b:93:4:93:Infinity:undefined:undefined:undefined:undefined":3,"s:93:4:93:Infinity":30,"s:93:34:93:Infinity":31,"s:94:4:94:Infinity":32,"b:94:11:94:59:94:59:94:Infinity":4,"s:98:25:104:Infinity":33,"f:98:25:98:26":5,"b:99:4:99:Infinity:undefined:undefined:undefined:undefined":5,"s:99:4:99:Infinity":34,"s:99:17:99:Infinity":35,"s:100:17:100:Infinity":36,"f:100:28:100:29":6,"s:100:35:100:Infinity":37,"b:101:4:101:Infinity:undefined:undefined:undefined:undefined":6,"s:101:4:101:Infinity":38,"s:101:15:101:Infinity":39,"b:102:4:102:Infinity:undefined:undefined:undefined:undefined":7,"s:102:4:102:Infinity":40,"s:102:40:102:Infinity":41,"s:103:4:103:Infinity":42,"s:106:24:180:Infinity":43,"f:106:24:106:31":7,"s:107:4:107:Infinity":44,"s:108:4:179:Infinity":45,"s:110:6:114:Infinity":46,"s:117:12:117:Infinity":47,"s:118:26:118:Infinity":48,"b:120:6:134:Infinity:128:13:134:Infinity":8,"s:120:6:134:Infinity":49,"s:121:25:121:Infinity":50,"s:122:29:122:49":51,"b:122:29:122:43:122:47:122:49":9,"b:123:8:127:Infinity:undefined:undefined:undefined:undefined":10,"s:123:8:127:Infinity":52,"s:124:10:126:Infinity":53,"s:130:8:133:Infinity":54,"s:137:24:137:Infinity":55,"s:138:24:138:Infinity":56,"b:138:24:138:36:138:40:138:Infinity":11,"s:139:23:139:Infinity":57,"b:139:23:139:55:139:55:139:Infinity":12,"s:141:26:141:Infinity":58,"s:142:6:163:Infinity":59,"s:143:8:159:Infinity":60,"b:147:17:147:30:147:34:147:Infinity":13,"b:149:18:149:41:149:45:149:Infinity":14,"b:158:28:158:46:158:46:158:Infinity":15,"s:161:8:161:Infinity":61,"s:165:6:168:Infinity":62,"s:170:6:170:Infinity":63,"s:172:6:176:Infinity":64,"s:178:6:178:Infinity":65,"s:182:24:212:Infinity":66,"f:182:24:182:Infinity":8,"b:183:4:183:Infinity:undefined:undefined:undefined:undefined":16,"s:183:4:183:Infinity":67,"s:183:26:183:Infinity":68,"s:185:4:185:Infinity":69,"s:186:4:211:Infinity":70,"s:187:6:192:Infinity":71,"b:189:23:189:40:189:40:189:Infinity":17,"s:194:6:197:Infinity":72,"s:199:6:199:Infinity":73,"s:200:6:200:Infinity":74,"s:201:6:201:Infinity":75,"s:202:6:202:Infinity":76,"s:204:6:208:Infinity":77,"s:210:6:210:Infinity":78,"s:214:28:218:Infinity":79,"f:214:28:214:29":9,"s:215:4:215:Infinity":80,"s:216:4:216:Infinity":81,"s:217:4:217:Infinity":82,"s:220:26:220:Infinity":83,"f:220:42:220:43":10,"s:220:49:220:Infinity":84,"s:221:28:221:Infinity":85,"f:221:44:221:45":11,"s:221:51:221:Infinity":86,"b:223:2:229:Infinity:undefined:undefined:undefined:undefined":18,"s:223:2:229:Infinity":87,"b:223:6:223:22:223:22:223:36":19,"s:224:4:226:Infinity":88,"b:231:2:237:Infinity:undefined:undefined:undefined:undefined":20,"s:231:2:237:Infinity":89,"s:232:4:234:Infinity":90,"s:239:2:493:Infinity":91,"b:241:7:241:Infinity:241:7:297:Infinity":21,"f:267:30:267:31":12,"s:267:37:267:Infinity":92,"f:273:61:273:62":13,"s:273:68:273:Infinity":93,"b:280:23:280:43:280:23:280:Infinity":22,"f:286:51:286:57":14,"s:286:57:286:Infinity":94,"f:289:33:289:Infinity":15,"s:291:18:294:Infinity":95,"s:295:18:295:Infinity":96,"b:310:13:310:Infinity:310:38:312:Infinity":23,"b:323:11:327:30:327:14:337:Infinity":24,"b:327:41:335:13:335:12:337:Infinity":25,"f:336:35:336:36":16,"s:336:36:337:Infinity":97,"b:358:82:358:95:358:99:358:Infinity":26,"f:368:33:368:39":17,"s:368:39:368:Infinity":98,"b:371:52:374:27:374:26:374:Infinity":27,"f:381:33:381:39":18,"s:381:39:381:Infinity":99,"b:396:11:400:32:400:14:410:39":28,"b:400:43:408:13:408:12:410:39":29,"f:409:37:409:38":19,"s:409:38:410:39":100,"b:418:65:418:77:418:77:418:Infinity":30,"b:421:44:424:27:424:26:424:Infinity":31,"b:426:57:426:80:426:80:426:Infinity":32,"b:443:27:443:45:443:49:443:Infinity":33,"b:446:23:446:44:446:44:449:Infinity":34,"f:474:24:474:25":20,"s:474:31:474:Infinity":101,"f:480:47:480:53":21,"s:480:53:480:Infinity":102,"b:488:49:491:17:491:16:491:Infinity":35}}}
,"/home/ubuntu/duty-app/src/components/layout/MobileNav.tsx": {"path":"/home/ubuntu/duty-app/src/components/layout/MobileNav.tsx","statementMap":{"0":{"start":{"line":15,"column":13},"end":{"line":15,"column":null}},"1":{"start":{"line":16,"column":38},"end":{"line":16,"column":null}},"2":{"start":{"line":18,"column":85},"end":{"line":24,"column":null}},"3":{"start":{"line":26,"column":2},"end":{"line":31,"column":null}},"4":{"start":{"line":29,"column":25},"end":{"line":31,"column":null}},"5":{"start":{"line":33,"column":36},"end":{"line":38,"column":null}},"6":{"start":{"line":42,"column":26},"end":{"line":59,"column":null}}},"fnMap":{"0":{"name":"MobileNav","decl":{"start":{"line":14,"column":16},"end":{"line":14,"column":null}},"loc":{"start":{"line":14,"column":16},"end":{"line":68,"column":null}},"line":14},"1":{"name":"(anonymous_1)","decl":{"start":{"line":29,"column":24},"end":{"line":29,"column":25}},"loc":{"start":{"line":29,"column":25},"end":{"line":31,"column":null}},"line":29},"2":{"name":"(anonymous_2)","decl":{"start":{"line":33,"column":23},"end":{"line":33,"column":24}},"loc":{"start":{"line":33,"column":36},"end":{"line":38,"column":null}},"line":33},"3":{"name":"(anonymous_3)","decl":{"start":{"line":42,"column":13},"end":{"line":42,"column":14}},"loc":{"start":{"line":42,"column":26},"end":{"line":59,"column":null}},"line":42}},"branchMap":{"0":{"loc":{"start":{"line":36,"column":16},"end":{"line":38,"column":null}},"type":"cond-expr","locations":[{"start":{"line":37,"column":20},"end":{"line":37,"column":null}},{"start":{"line":38,"column":20},"end":{"line":38,"column":null}}],"line":36},"1":{"loc":{"start":{"line":46,"column":18},"end":{"line":46,"column":null}},"type":"binary-expr","locations":[{"start":{"line":46,"column":18},"end":{"line":46,"column":30}},{"start":{"line":46,"column":30},"end":{"line":46,"column":null}}],"line":46},"2":{"loc":{"start":{"line":48,"column":54},"end":{"line":48,"column":null}},"type":"binary-expr","locations":[{"start":{"line":48,"column":54},"end":{"line":48,"column":66}},{"start":{"line":48,"column":66},"end":{"line":48,"column":null}}],"line":48},"3":{"loc":{"start":{"line":49,"column":19},"end":{"line":51,"column":null}},"type":"binary-expr","locations":[{"start":{"line":49,"column":19},"end":{"line":49,"column":49}},{"start":{"line":49,"column":49},"end":{"line":49,"column":null}},{"start":{"line":49,"column":66},"end":{"line":51,"column":null}}],"line":49},"4":{"loc":{"start":{"line":57,"column":18},"end":{"line":57,"column":null}},"type":"binary-expr","locations":[{"start":{"line":57,"column":18},"end":{"line":57,"column":30}},{"start":{"line":57,"column":30},"end":{"line":57,"column":null}}],"line":57}},"s":{"0":9,"1":9,"2":9,"3":9,"4":45,"5":45,"6":45},"f":{"0":9,"1":45,"2":45,"3":45},"b":{"0":[9,36],"1":[45,9],"2":[45,9],"3":[45,9,0],"4":[45,9]},"meta":{"lastBranch":5,"lastFunction":4,"lastStatement":7,"seen":{"f:14:16:14:Infinity":0,"s:15:13:15:Infinity":0,"s:16:38:16:Infinity":1,"s:18:85:24:Infinity":2,"s:26:2:31:Infinity":3,"f:29:24:29:25":1,"s:29:25:31:Infinity":4,"f:33:23:33:24":2,"s:33:36:38:Infinity":5,"b:37:20:37:Infinity:38:20:38:Infinity":0,"f:42:13:42:14":3,"s:42:26:59:Infinity":6,"b:46:18:46:30:46:30:46:Infinity":1,"b:48:54:48:66:48:66:48:Infinity":2,"b:49:19:49:49:49:49:49:Infinity:49:66:51:Infinity":3,"b:57:18:57:30:57:30:57:Infinity":4}}}
,"/home/ubuntu/duty-app/src/components/settings/ApprovalsSheet.tsx": {"path":"/home/ubuntu/duty-app/src/components/settings/ApprovalsSheet.tsx","statementMap":{"0":{"start":{"line":13,"column":13},"end":{"line":13,"column":null}},"1":{"start":{"line":14,"column":8},"end":{"line":14,"column":null}},"2":{"start":{"line":16,"column":8},"end":{"line":18,"column":null}},"3":{"start":{"line":22,"column":2},"end":{"line":36,"column":null}},"4":{"start":{"line":24,"column":4},"end":{"line":31,"column":null}},"5":{"start":{"line":39,"column":2},"end":{"line":46,"column":null}}},"fnMap":{"0":{"name":"ApprovalsSheet","decl":{"start":{"line":12,"column":16},"end":{"line":12,"column":31}},"loc":{"start":{"line":12,"column":71},"end":{"line":51,"column":null}},"line":12}},"branchMap":{"0":{"loc":{"start":{"line":22,"column":2},"end":{"line":36,"column":null}},"type":"if","locations":[{"start":{"line":22,"column":2},"end":{"line":36,"column":null}},{"start":{},"end":{}}],"line":22}},"s":{"0":14,"1":14,"2":14,"3":14,"4":0,"5":14},"f":{"0":14},"b":{"0":[0,14]},"meta":{"lastBranch":1,"lastFunction":1,"lastStatement":6,"seen":{"f:12:16:12:31":0,"s:13:13:13:Infinity":0,"s:14:8:14:Infinity":1,"s:16:8:18:Infinity":2,"b:22:2:36:Infinity:undefined:undefined:undefined:undefined":0,"s:22:2:36:Infinity":3,"s:24:4:31:Infinity":4,"s:39:2:46:Infinity":5}}}
,"/home/ubuntu/duty-app/src/components/settings/ApprovalsTab.tsx": {"path":"/home/ubuntu/duty-app/src/components/settings/ApprovalsTab.tsx","statementMap":{"0":{"start":{"line":16,"column":23},"end":{"line":16,"column":null}},"1":{"start":{"line":17,"column":19},"end":{"line":17,"column":null}},"2":{"start":{"line":18,"column":16},"end":{"line":18,"column":null}},"3":{"start":{"line":19,"column":8},"end":{"line":19,"column":null}},"4":{"start":{"line":20,"column":37},"end":{"line":20,"column":null}},"5":{"start":{"line":21,"column":41},"end":{"line":21,"column":null}},"6":{"start":{"line":22,"column":45},"end":{"line":22,"column":null}},"7":{"start":{"line":25,"column":2},"end":{"line":71,"column":null}},"8":{"start":{"line":26,"column":31},"end":{"line":68,"column":null}},"9":{"start":{"line":27,"column":6},"end":{"line":30,"column":null}},"10":{"start":{"line":28,"column":8},"end":{"line":28,"column":null}},"11":{"start":{"line":29,"column":8},"end":{"line":29,"column":null}},"12":{"start":{"line":32,"column":6},"end":{"line":67,"column":null}},"13":{"start":{"line":33,"column":8},"end":{"line":33,"column":null}},"14":{"start":{"line":36,"column":14},"end":{"line":36,"column":null}},"15":{"start":{"line":37,"column":25},"end":{"line":37,"column":null}},"16":{"start":{"line":39,"column":25},"end":{"line":39,"column":null}},"17":{"start":{"line":40,"column":8},"end":{"line":43,"column":null}},"18":{"start":{"line":41,"column":27},"end":{"line":41,"column":null}},"19":{"start":{"line":42,"column":10},"end":{"line":42,"column":null}},"20":{"start":{"line":46,"column":14},"end":{"line":48,"column":null}},"21":{"start":{"line":50,"column":29},"end":{"line":50,"column":null}},"22":{"start":{"line":53,"column":20},"end":{"line":53,"column":37}},"23":{"start":{"line":54,"column":8},"end":{"line":59,"column":null}},"24":{"start":{"line":55,"column":10},"end":{"line":58,"column":null}},"25":{"start":{"line":56,"column":25},"end":{"line":56,"column":null}},"26":{"start":{"line":57,"column":12},"end":{"line":57,"column":null}},"27":{"start":{"line":61,"column":8},"end":{"line":61,"column":null}},"28":{"start":{"line":63,"column":8},"end":{"line":63,"column":null}},"29":{"start":{"line":64,"column":8},"end":{"line":64,"column":null}},"30":{"start":{"line":66,"column":8},"end":{"line":66,"column":null}},"31":{"start":{"line":70,"column":4},"end":{"line":70,"column":null}},"32":{"start":{"line":73,"column":2},"end":{"line":86,"column":null}},"33":{"start":{"line":74,"column":4},"end":{"line":80,"column":null}},"34":{"start":{"line":88,"column":2},"end":{"line":190,"column":null}},"35":{"start":{"line":144,"column":29},"end":{"line":144,"column":null}},"36":{"start":{"line":190,"column":58},"end":{"line":190,"column":null}}},"fnMap":{"0":{"name":"ApprovalsTab","decl":{"start":{"line":15,"column":16},"end":{"line":15,"column":null}},"loc":{"start":{"line":15,"column":16},"end":{"line":193,"column":null}},"line":15},"1":{"name":"(anonymous_1)","decl":{"start":{"line":25,"column":12},"end":{"line":25,"column":null}},"loc":{"start":{"line":25,"column":12},"end":{"line":71,"column":5}},"line":25},"2":{"name":"(anonymous_2)","decl":{"start":{"line":26,"column":31},"end":{"line":26,"column":null}},"loc":{"start":{"line":26,"column":31},"end":{"line":68,"column":null}},"line":26},"3":{"name":"(anonymous_3)","decl":{"start":{"line":55,"column":43},"end":{"line":55,"column":null}},"loc":{"start":{"line":55,"column":43},"end":{"line":58,"column":13}},"line":55},"4":{"name":"(anonymous_4)","decl":{"start":{"line":144,"column":23},"end":{"line":144,"column":29}},"loc":{"start":{"line":144,"column":29},"end":{"line":144,"column":null}},"line":144},"5":{"name":"(anonymous_5)","decl":{"start":{"line":190,"column":52},"end":{"line":190,"column":58}},"loc":{"start":{"line":190,"column":58},"end":{"line":190,"column":null}},"line":190}},"branchMap":{"0":{"loc":{"start":{"line":27,"column":6},"end":{"line":30,"column":null}},"type":"if","locations":[{"start":{"line":27,"column":6},"end":{"line":30,"column":null}},{"start":{},"end":{}}],"line":27},"1":{"loc":{"start":{"line":27,"column":10},"end":{"line":27,"column":29}},"type":"binary-expr","locations":[{"start":{"line":27,"column":10},"end":{"line":27,"column":22}},{"start":{"line":27,"column":22},"end":{"line":27,"column":29}}],"line":27},"2":{"loc":{"start":{"line":40,"column":8},"end":{"line":43,"column":null}},"type":"if","locations":[{"start":{"line":40,"column":8},"end":{"line":43,"column":null}},{"start":{},"end":{}}],"line":40},"3":{"loc":{"start":{"line":42,"column":23},"end":{"line":42,"column":62}},"type":"binary-expr","locations":[{"start":{"line":42,"column":23},"end":{"line":42,"column":38}},{"start":{"line":42,"column":42},"end":{"line":42,"column":62}}],"line":42},"4":{"loc":{"start":{"line":54,"column":8},"end":{"line":59,"column":null}},"type":"if","locations":[{"start":{"line":54,"column":8},"end":{"line":59,"column":null}},{"start":{},"end":{}}],"line":54},"5":{"loc":{"start":{"line":73,"column":2},"end":{"line":86,"column":null}},"type":"if","locations":[{"start":{"line":73,"column":2},"end":{"line":86,"column":null}},{"start":{},"end":{}}],"line":73},"6":{"loc":{"start":{"line":77,"column":56},"end":{"line":77,"column":null}},"type":"cond-expr","locations":[{"start":{"line":77,"column":76},"end":{"line":77,"column":84}},{"start":{"line":77,"column":84},"end":{"line":77,"column":null}}],"line":77},"7":{"loc":{"start":{"line":92,"column":53},"end":{"line":92,"column":null}},"type":"cond-expr","locations":[{"start":{"line":92,"column":73},"end":{"line":92,"column":81}},{"start":{"line":92,"column":81},"end":{"line":92,"column":null}}],"line":92},"8":{"loc":{"start":{"line":106,"column":42},"end":{"line":106,"column":null}},"type":"cond-expr","locations":[{"start":{"line":106,"column":62},"end":{"line":106,"column":70}},{"start":{"line":106,"column":70},"end":{"line":106,"column":null}}],"line":106},"9":{"loc":{"start":{"line":113,"column":17},"end":{"line":119,"column":null}},"type":"cond-expr","locations":[{"start":{"line":113,"column":32},"end":{"line":118,"column":19}},{"start":{"line":118,"column":18},"end":{"line":119,"column":null}}],"line":113},"10":{"loc":{"start":{"line":126,"column":17},"end":{"line":137,"column":null}},"type":"cond-expr","locations":[{"start":{"line":126,"column":17},"end":{"line":133,"column":38}},{"start":{"line":133,"column":20},"end":{"line":137,"column":null}}],"line":126},"11":{"loc":{"start":{"line":133,"column":20},"end":{"line":137,"column":null}},"type":"cond-expr","locations":[{"start":{"line":133,"column":38},"end":{"line":137,"column":null}},{"start":{"line":137,"column":20},"end":{"line":137,"column":null}}],"line":133},"12":{"loc":{"start":{"line":154,"column":53},"end":{"line":154,"column":null}},"type":"cond-expr","locations":[{"start":{"line":154,"column":73},"end":{"line":154,"column":81}},{"start":{"line":154,"column":81},"end":{"line":154,"column":null}}],"line":154},"13":{"loc":{"start":{"line":168,"column":60},"end":{"line":168,"column":null}},"type":"cond-expr","locations":[{"start":{"line":168,"column":80},"end":{"line":168,"column":88}},{"start":{"line":168,"column":88},"end":{"line":168,"column":null}}],"line":168}},"s":{"0":20,"1":20,"2":20,"3":20,"4":20,"5":20,"6":20,"7":20,"8":11,"9":11,"10":2,"11":2,"12":9,"13":9,"14":9,"15":9,"16":9,"17":9,"18":7,"19":7,"20":9,"21":9,"22":9,"23":9,"24":7,"25":0,"26":0,"27":9,"28":0,"29":0,"30":9,"31":11,"32":20,"33":4,"34":15,"35":1,"36":0},"f":{"0":20,"1":11,"2":11,"3":0,"4":1,"5":0},"b":{"0":[2,9],"1":[11,9],"2":[7,2],"3":[7,0],"4":[7,2],"5":[4,16],"6":[0,4],"7":[0,15],"8":[0,15],"9":[1,14],"10":[8,7],"11":[7,0],"12":[0,15],"13":[0,15]},"meta":{"lastBranch":14,"lastFunction":6,"lastStatement":37,"seen":{"f:15:16:15:Infinity":0,"s:16:23:16:Infinity":0,"s:17:19:17:Infinity":1,"s:18:16:18:Infinity":2,"s:19:8:19:Infinity":3,"s:20:37:20:Infinity":4,"s:21:41:21:Infinity":5,"s:22:45:22:Infinity":6,"s:25:2:71:Infinity":7,"f:25:12:25:Infinity":1,"s:26:31:68:Infinity":8,"f:26:31:26:Infinity":2,"b:27:6:30:Infinity:undefined:undefined:undefined:undefined":0,"s:27:6:30:Infinity":9,"b:27:10:27:22:27:22:27:29":1,"s:28:8:28:Infinity":10,"s:29:8:29:Infinity":11,"s:32:6:67:Infinity":12,"s:33:8:33:Infinity":13,"s:36:14:36:Infinity":14,"s:37:25:37:Infinity":15,"s:39:25:39:Infinity":16,"b:40:8:43:Infinity:undefined:undefined:undefined:undefined":2,"s:40:8:43:Infinity":17,"s:41:27:41:Infinity":18,"s:42:10:42:Infinity":19,"b:42:23:42:38:42:42:42:62":3,"s:46:14:48:Infinity":20,"s:50:29:50:Infinity":21,"s:53:20:53:37":22,"b:54:8:59:Infinity:undefined:undefined:undefined:undefined":4,"s:54:8:59:Infinity":23,"s:55:10:58:Infinity":24,"f:55:43:55:Infinity":3,"s:56:25:56:Infinity":25,"s:57:12:57:Infinity":26,"s:61:8:61:Infinity":27,"s:63:8:63:Infinity":28,"s:64:8:64:Infinity":29,"s:66:8:66:Infinity":30,"s:70:4:70:Infinity":31,"b:73:2:86:Infinity:undefined:undefined:undefined:undefined":5,"s:73:2:86:Infinity":32,"s:74:4:80:Infinity":33,"b:77:76:77:84:77:84:77:Infinity":6,"s:88:2:190:Infinity":34,"b:92:73:92:81:92:81:92:Infinity":7,"b:106:62:106:70:106:70:106:Infinity":8,"b:113:32:118:19:118:18:119:Infinity":9,"b:126:17:133:38:133:20:137:Infinity":10,"b:133:38:137:Infinity:137:20:137:Infinity":11,"f:144:23:144:29":4,"s:144:29:144:Infinity":35,"b:154:73:154:81:154:81:154:Infinity":12,"b:168:80:168:88:168:88:168:Infinity":13,"f:190:52:190:58":5,"s:190:58:190:Infinity":36}}}
,"/home/ubuntu/duty-app/src/components/settings/ProfileTab.tsx": {"path":"/home/ubuntu/duty-app/src/components/settings/ProfileTab.tsx","statementMap":{"0":{"start":{"line":18,"column":36},"end":{"line":18,"column":null}},"1":{"start":{"line":19,"column":16},"end":{"line":19,"column":null}},"2":{"start":{"line":20,"column":40},"end":{"line":20,"column":null}},"3":{"start":{"line":21,"column":38},"end":{"line":21,"column":null}},"4":{"start":{"line":22,"column":28},"end":{"line":22,"column":null}},"5":{"start":{"line":23,"column":18},"end":{"line":23,"column":null}},"6":{"start":{"line":24,"column":23},"end":{"line":24,"column":null}},"7":{"start":{"line":27,"column":8},"end":{"line":30,"column":null}},"8":{"start":{"line":28,"column":4},"end":{"line":28,"column":null}},"9":{"start":{"line":28,"column":17},"end":{"line":28,"column":null}},"10":{"start":{"line":29,"column":4},"end":{"line":29,"column":null}},"11":{"start":{"line":33,"column":8},"end":{"line":40,"column":null}},"12":{"start":{"line":34,"column":4},"end":{"line":34,"column":null}},"13":{"start":{"line":34,"column":39},"end":{"line":34,"column":null}},"14":{"start":{"line":35,"column":4},"end":{"line":39,"column":null}},"15":{"start":{"line":43,"column":8},"end":{"line":50,"column":null}},"16":{"start":{"line":44,"column":19},"end":{"line":44,"column":21}},"17":{"start":{"line":45,"column":18},"end":{"line":45,"column":35}},"18":{"start":{"line":46,"column":4},"end":{"line":46,"column":null}},"19":{"start":{"line":46,"column":33},"end":{"line":46,"column":null}},"20":{"start":{"line":47,"column":4},"end":{"line":47,"column":null}},"21":{"start":{"line":47,"column":34},"end":{"line":47,"column":null}},"22":{"start":{"line":48,"column":4},"end":{"line":48,"column":null}},"23":{"start":{"line":48,"column":54},"end":{"line":48,"column":null}},"24":{"start":{"line":49,"column":4},"end":{"line":49,"column":null}},"25":{"start":{"line":52,"column":2},"end":{"line":239,"column":null}},"26":{"start":{"line":88,"column":36},"end":{"line":89,"column":33}},"27":{"start":{"line":222,"column":74},"end":{"line":222,"column":null}}},"fnMap":{"0":{"name":"ProfileTab","decl":{"start":{"line":17,"column":16},"end":{"line":17,"column":null}},"loc":{"start":{"line":17,"column":16},"end":{"line":246,"column":null}},"line":17},"1":{"name":"(anonymous_1)","decl":{"start":{"line":27,"column":27},"end":{"line":27,"column":null}},"loc":{"start":{"line":27,"column":27},"end":{"line":30,"column":5}},"line":27},"2":{"name":"(anonymous_2)","decl":{"start":{"line":33,"column":37},"end":{"line":33,"column":null}},"loc":{"start":{"line":33,"column":37},"end":{"line":40,"column":5}},"line":33},"3":{"name":"(anonymous_3)","decl":{"start":{"line":43,"column":29},"end":{"line":43,"column":null}},"loc":{"start":{"line":43,"column":29},"end":{"line":50,"column":5}},"line":43},"4":{"name":"(anonymous_4)","decl":{"start":{"line":88,"column":28},"end":{"line":88,"column":29}},"loc":{"start":{"line":88,"column":36},"end":{"line":89,"column":33}},"line":88},"5":{"name":"(anonymous_5)","decl":{"start":{"line":222,"column":50},"end":{"line":222,"column":51}},"loc":{"start":{"line":222,"column":74},"end":{"line":222,"column":null}},"line":222}},"branchMap":{"0":{"loc":{"start":{"line":28,"column":4},"end":{"line":28,"column":null}},"type":"if","locations":[{"start":{"line":28,"column":4},"end":{"line":28,"column":null}},{"start":{},"end":{}}],"line":28},"1":{"loc":{"start":{"line":34,"column":4},"end":{"line":34,"column":null}},"type":"if","locations":[{"start":{"line":34,"column":4},"end":{"line":34,"column":null}},{"start":{},"end":{}}],"line":34},"2":{"loc":{"start":{"line":35,"column":67},"end":{"line":35,"column":106}},"type":"cond-expr","locations":[{"start":{"line":35,"column":87},"end":{"line":35,"column":97}},{"start":{"line":35,"column":97},"end":{"line":35,"column":106}}],"line":35},"3":{"loc":{"start":{"line":45,"column":18},"end":{"line":45,"column":35}},"type":"binary-expr","locations":[{"start":{"line":45,"column":18},"end":{"line":45,"column":33}},{"start":{"line":45,"column":33},"end":{"line":45,"column":35}}],"line":45},"4":{"loc":{"start":{"line":46,"column":4},"end":{"line":46,"column":null}},"type":"if","locations":[{"start":{"line":46,"column":4},"end":{"line":46,"column":null}},{"start":{},"end":{}}],"line":46},"5":{"loc":{"start":{"line":47,"column":4},"end":{"line":47,"column":null}},"type":"if","locations":[{"start":{"line":47,"column":4},"end":{"line":47,"column":null}},{"start":{},"end":{}}],"line":47},"6":{"loc":{"start":{"line":48,"column":4},"end":{"line":48,"column":null}},"type":"if","locations":[{"start":{"line":48,"column":4},"end":{"line":48,"column":null}},{"start":{},"end":{}}],"line":48},"7":{"loc":{"start":{"line":48,"column":8},"end":{"line":48,"column":54}},"type":"binary-expr","locations":[{"start":{"line":48,"column":8},"end":{"line":48,"column":34}},{"start":{"line":48,"column":34},"end":{"line":48,"column":54}}],"line":48},"8":{"loc":{"start":{"line":63,"column":17},"end":{"line":63,"column":null}},"type":"binary-expr","locations":[{"start":{"line":63,"column":17},"end":{"line":63,"column":32}},{"start":{"line":63,"column":32},"end":{"line":63,"column":null}}],"line":63},"9":{"loc":{"start":{"line":73,"column":53},"end":{"line":73,"column":null}},"type":"cond-expr","locations":[{"start":{"line":73,"column":73},"end":{"line":73,"column":81}},{"start":{"line":73,"column":81},"end":{"line":73,"column":null}}],"line":73},"10":{"loc":{"start":{"line":98,"column":7},"end":{"line":126,"column":null}},"type":"binary-expr","locations":[{"start":{"line":98,"column":7},"end":{"line":98,"column":null}},{"start":{"line":98,"column":7},"end":{"line":126,"column":null}}],"line":98},"11":{"loc":{"start":{"line":100,"column":55},"end":{"line":100,"column":null}},"type":"cond-expr","locations":[{"start":{"line":100,"column":75},"end":{"line":100,"column":83}},{"start":{"line":100,"column":83},"end":{"line":100,"column":null}}],"line":100},"12":{"loc":{"start":{"line":114,"column":63},"end":{"line":114,"column":null}},"type":"cond-expr","locations":[{"start":{"line":114,"column":83},"end":{"line":114,"column":91}},{"start":{"line":114,"column":91},"end":{"line":114,"column":null}}],"line":114},"13":{"loc":{"start":{"line":118,"column":19},"end":{"line":120,"column":null}},"type":"cond-expr","locations":[{"start":{"line":119,"column":22},"end":{"line":119,"column":82}},{"start":{"line":120,"column":22},"end":{"line":120,"column":null}}],"line":118},"14":{"loc":{"start":{"line":118,"column":19},"end":{"line":118,"column":74}},"type":"binary-expr","locations":[{"start":{"line":118,"column":19},"end":{"line":118,"column":45}},{"start":{"line":118,"column":49},"end":{"line":118,"column":74}}],"line":118},"15":{"loc":{"start":{"line":126,"column":19},"end":{"line":126,"column":null}},"type":"binary-expr","locations":[{"start":{"line":126,"column":19},"end":{"line":126,"column":49}},{"start":{"line":126,"column":53},"end":{"line":126,"column":null}}],"line":126},"16":{"loc":{"start":{"line":135,"column":7},"end":{"line":159,"column":null}},"type":"binary-expr","locations":[{"start":{"line":135,"column":7},"end":{"line":135,"column":null}},{"start":{"line":135,"column":7},"end":{"line":159,"column":null}}],"line":135},"17":{"loc":{"start":{"line":137,"column":55},"end":{"line":137,"column":null}},"type":"cond-expr","locations":[{"start":{"line":137,"column":75},"end":{"line":137,"column":83}},{"start":{"line":137,"column":83},"end":{"line":137,"column":null}}],"line":137},"18":{"loc":{"start":{"line":151,"column":63},"end":{"line":151,"column":null}},"type":"cond-expr","locations":[{"start":{"line":151,"column":83},"end":{"line":151,"column":91}},{"start":{"line":151,"column":91},"end":{"line":151,"column":null}}],"line":151},"19":{"loc":{"start":{"line":156,"column":15},"end":{"line":159,"column":null}},"type":"binary-expr","locations":[{"start":{"line":156,"column":15},"end":{"line":156,"column":null}},{"start":{"line":156,"column":15},"end":{"line":159,"column":null}}],"line":156},"20":{"loc":{"start":{"line":168,"column":7},"end":{"line":200,"column":null}},"type":"binary-expr","locations":[{"start":{"line":168,"column":7},"end":{"line":168,"column":null}},{"start":{"line":168,"column":7},"end":{"line":200,"column":null}}],"line":168},"21":{"loc":{"start":{"line":171,"column":10},"end":{"line":171,"column":null}},"type":"cond-expr","locations":[{"start":{"line":171,"column":24},"end":{"line":171,"column":59}},{"start":{"line":171,"column":59},"end":{"line":171,"column":null}}],"line":171},"22":{"loc":{"start":{"line":173,"column":55},"end":{"line":173,"column":null}},"type":"cond-expr","locations":[{"start":{"line":173,"column":75},"end":{"line":173,"column":83}},{"start":{"line":173,"column":83},"end":{"line":173,"column":null}}],"line":173},"23":{"loc":{"start":{"line":177,"column":16},"end":{"line":177,"column":null}},"type":"cond-expr","locations":[{"start":{"line":177,"column":30},"end":{"line":177,"column":48}},{"start":{"line":177,"column":48},"end":{"line":177,"column":null}}],"line":177},"24":{"loc":{"start":{"line":181,"column":18},"end":{"line":181,"column":null}},"type":"cond-expr","locations":[{"start":{"line":181,"column":32},"end":{"line":181,"column":49}},{"start":{"line":181,"column":49},"end":{"line":181,"column":null}}],"line":181},"25":{"loc":{"start":{"line":189,"column":19},"end":{"line":189,"column":null}},"type":"cond-expr","locations":[{"start":{"line":189,"column":33},"end":{"line":189,"column":60}},{"start":{"line":189,"column":60},"end":{"line":189,"column":null}}],"line":189},"26":{"loc":{"start":{"line":199,"column":62},"end":{"line":199,"column":null}},"type":"cond-expr","locations":[{"start":{"line":199,"column":82},"end":{"line":199,"column":90}},{"start":{"line":199,"column":90},"end":{"line":199,"column":null}}],"line":199},"27":{"loc":{"start":{"line":208,"column":53},"end":{"line":208,"column":null}},"type":"cond-expr","locations":[{"start":{"line":208,"column":73},"end":{"line":208,"column":81}},{"start":{"line":208,"column":81},"end":{"line":208,"column":null}}],"line":208}},"s":{"0":62,"1":62,"2":62,"3":62,"4":62,"5":62,"6":62,"7":62,"8":45,"9":45,"10":0,"11":62,"12":26,"13":26,"14":0,"15":62,"16":26,"17":26,"18":26,"19":2,"20":26,"21":0,"22":26,"23":24,"24":26,"25":62,"26":61,"27":0},"f":{"0":62,"1":45,"2":26,"3":26,"4":61,"5":0},"b":{"0":[45,0],"1":[26,0],"2":[0,0],"3":[26,20],"4":[2,24],"5":[0,26],"6":[24,2],"7":[26,22],"8":[62,0],"9":[10,51],"10":[62,0],"11":[0,0],"12":[0,0],"13":[0,0],"14":[0,0],"15":[0,0],"16":[62,0],"17":[0,0],"18":[0,0],"19":[0,0],"20":[62,22],"21":[0,22],"22":[2,20],"23":[0,22],"24":[0,22],"25":[0,22],"26":[2,20],"27":[10,51]},"meta":{"lastBranch":28,"lastFunction":6,"lastStatement":28,"seen":{"f:17:16:17:Infinity":0,"s:18:36:18:Infinity":0,"s:19:16:19:Infinity":1,"s:20:40:20:Infinity":2,"s:21:38:21:Infinity":3,"s:22:28:22:Infinity":4,"s:23:18:23:Infinity":5,"s:24:23:24:Infinity":6,"s:27:8:30:Infinity":7,"f:27:27:27:Infinity":1,"b:28:4:28:Infinity:undefined:undefined:undefined:undefined":0,"s:28:4:28:Infinity":8,"s:28:17:28:Infinity":9,"s:29:4:29:Infinity":10,"s:33:8:40:Infinity":11,"f:33:37:33:Infinity":2,"b:34:4:34:Infinity:undefined:undefined:undefined:undefined":1,"s:34:4:34:Infinity":12,"s:34:39:34:Infinity":13,"s:35:4:39:Infinity":14,"b:35:87:35:97:35:97:35:106":2,"s:43:8:50:Infinity":15,"f:43:29:43:Infinity":3,"s:44:19:44:21":16,"s:45:18:45:35":17,"b:45:18:45:33:45:33:45:35":3,"b:46:4:46:Infinity:undefined:undefined:undefined:undefined":4,"s:46:4:46:Infinity":18,"s:46:33:46:Infinity":19,"b:47:4:47:Infinity:undefined:undefined:undefined:undefined":5,"s:47:4:47:Infinity":20,"s:47:34:47:Infinity":21,"b:48:4:48:Infinity:undefined:undefined:undefined:undefined":6,"s:48:4:48:Infinity":22,"b:48:8:48:34:48:34:48:54":7,"s:48:54:48:Infinity":23,"s:49:4:49:Infinity":24,"s:52:2:239:Infinity":25,"b:63:17:63:32:63:32:63:Infinity":8,"b:73:73:73:81:73:81:73:Infinity":9,"f:88:28:88:29":4,"s:88:36:89:33":26,"b:98:7:98:Infinity:98:7:126:Infinity":10,"b:100:75:100:83:100:83:100:Infinity":11,"b:114:83:114:91:114:91:114:Infinity":12,"b:119:22:119:82:120:22:120:Infinity":13,"b:118:19:118:45:118:49:118:74":14,"b:126:19:126:49:126:53:126:Infinity":15,"b:135:7:135:Infinity:135:7:159:Infinity":16,"b:137:75:137:83:137:83:137:Infinity":17,"b:151:83:151:91:151:91:151:Infinity":18,"b:156:15:156:Infinity:156:15:159:Infinity":19,"b:168:7:168:Infinity:168:7:200:Infinity":20,"b:171:24:171:59:171:59:171:Infinity":21,"b:173:75:173:83:173:83:173:Infinity":22,"b:177:30:177:48:177:48:177:Infinity":23,"b:181:32:181:49:181:49:181:Infinity":24,"b:189:33:189:60:189:60:189:Infinity":25,"b:199:82:199:90:199:90:199:Infinity":26,"b:208:73:208:81:208:81:208:Infinity":27,"f:222:50:222:51":5,"s:222:74:222:Infinity":27}}}
,"/home/ubuntu/duty-app/src/components/settings/SettingsTabs.tsx": {"path":"/home/ubuntu/duty-app/src/components/settings/SettingsTabs.tsx","statementMap":{"0":{"start":{"line":9,"column":13},"end":{"line":9,"column":null}},"1":{"start":{"line":10,"column":38},"end":{"line":10,"column":null}},"2":{"start":{"line":12,"column":23},"end":{"line":12,"column":null}},"3":{"start":{"line":13,"column":27},"end":{"line":13,"column":null}},"4":{"start":{"line":16,"column":19},"end":{"line":16,"column":null}},"5":{"start":{"line":17,"column":24},"end":{"line":17,"column":null}},"6":{"start":{"line":20,"column":2},"end":{"line":26,"column":null}},"7":{"start":{"line":21,"column":4},"end":{"line":23,"column":null}},"8":{"start":{"line":28,"column":2},"end":{"line":45,"column":null}}},"fnMap":{"0":{"name":"SettingsTabs","decl":{"start":{"line":8,"column":16},"end":{"line":8,"column":null}},"loc":{"start":{"line":8,"column":16},"end":{"line":50,"column":null}},"line":8}},"branchMap":{"0":{"loc":{"start":{"line":12,"column":23},"end":{"line":12,"column":null}},"type":"binary-expr","locations":[{"start":{"line":12,"column":23},"end":{"line":12,"column":34}},{"start":{"line":12,"column":34},"end":{"line":12,"column":null}}],"line":12},"1":{"loc":{"start":{"line":16,"column":24},"end":{"line":16,"column":49}},"type":"cond-expr","locations":[{"start":{"line":16,"column":39},"end":{"line":16,"column":43}},{"start":{"line":16,"column":43},"end":{"line":16,"column":49}}],"line":16},"2":{"loc":{"start":{"line":16,"column":49},"end":{"line":16,"column":null}},"type":"cond-expr","locations":[{"start":{"line":16,"column":68},"end":{"line":16,"column":72}},{"start":{"line":16,"column":72},"end":{"line":16,"column":null}}],"line":16},"3":{"loc":{"start":{"line":17,"column":24},"end":{"line":17,"column":null}},"type":"cond-expr","locations":[{"start":{"line":17,"column":41},"end":{"line":17,"column":57}},{"start":{"line":17,"column":57},"end":{"line":17,"column":null}}],"line":17},"4":{"loc":{"start":{"line":17,"column":57},"end":{"line":17,"column":null}},"type":"cond-expr","locations":[{"start":{"line":17,"column":74},"end":{"line":17,"column":90}},{"start":{"line":17,"column":90},"end":{"line":17,"column":null}}],"line":17},"5":{"loc":{"start":{"line":20,"column":2},"end":{"line":26,"column":null}},"type":"if","locations":[{"start":{"line":20,"column":2},"end":{"line":26,"column":null}},{"start":{},"end":{}}],"line":20},"6":{"loc":{"start":{"line":32,"column":9},"end":{"line":32,"column":null}},"type":"binary-expr","locations":[{"start":{"line":32,"column":9},"end":{"line":32,"column":25}},{"start":{"line":32,"column":9},"end":{"line":32,"column":null}}],"line":32},"7":{"loc":{"start":{"line":33,"column":9},"end":{"line":33,"column":null}},"type":"binary-expr","locations":[{"start":{"line":33,"column":9},"end":{"line":33,"column":29}},{"start":{"line":33,"column":9},"end":{"line":33,"column":null}}],"line":33},"8":{"loc":{"start":{"line":38,"column":7},"end":{"line":40,"column":null}},"type":"binary-expr","locations":[{"start":{"line":38,"column":7},"end":{"line":38,"column":null}},{"start":{"line":38,"column":7},"end":{"line":40,"column":null}}],"line":38},"9":{"loc":{"start":{"line":43,"column":7},"end":{"line":45,"column":null}},"type":"binary-expr","locations":[{"start":{"line":43,"column":7},"end":{"line":43,"column":null}},{"start":{"line":43,"column":7},"end":{"line":45,"column":null}}],"line":43}},"s":{"0":20,"1":20,"2":20,"3":20,"4":20,"5":20,"6":20,"7":0,"8":19},"f":{"0":20},"b":{"0":[20,12],"1":[10,9],"2":[7,12],"3":[9,10],"4":[3,7],"5":[0,20],"6":[19,10],"7":[20,7],"8":[20,10],"9":[20,7]},"meta":{"lastBranch":10,"lastFunction":1,"lastStatement":9,"seen":{"f:8:16:8:Infinity":0,"s:9:13:9:Infinity":0,"s:10:38:10:Infinity":1,"s:12:23:12:Infinity":2,"b:12:23:12:34:12:34:12:Infinity":0,"s:13:27:13:Infinity":3,"s:16:19:16:Infinity":4,"b:16:39:16:43:16:43:16:49":1,"b:16:68:16:72:16:72:16:Infinity":2,"s:17:24:17:Infinity":5,"b:17:41:17:57:17:57:17:Infinity":3,"b:17:74:17:90:17:90:17:Infinity":4,"b:20:2:26:Infinity:undefined:undefined:undefined:undefined":5,"s:20:2:26:Infinity":6,"s:21:4:23:Infinity":7,"s:28:2:45:Infinity":8,"b:32:9:32:25:32:9:32:Infinity":6,"b:33:9:33:29:33:9:33:Infinity":7,"b:38:7:38:Infinity:38:7:40:Infinity":8,"b:43:7:43:Infinity:43:7:45:Infinity":9}}}
,"/home/ubuntu/duty-app/src/components/settings/UnitsSheet.tsx": {"path":"/home/ubuntu/duty-app/src/components/settings/UnitsSheet.tsx","statementMap":{"0":{"start":{"line":13,"column":13},"end":{"line":13,"column":null}},"1":{"start":{"line":14,"column":8},"end":{"line":14,"column":null}},"2":{"start":{"line":16,"column":8},"end":{"line":18,"column":null}},"3":{"start":{"line":22,"column":2},"end":{"line":36,"column":null}},"4":{"start":{"line":24,"column":4},"end":{"line":31,"column":null}},"5":{"start":{"line":39,"column":2},"end":{"line":46,"column":null}}},"fnMap":{"0":{"name":"UnitsSheet","decl":{"start":{"line":12,"column":16},"end":{"line":12,"column":27}},"loc":{"start":{"line":12,"column":63},"end":{"line":51,"column":null}},"line":12}},"branchMap":{"0":{"loc":{"start":{"line":22,"column":2},"end":{"line":36,"column":null}},"type":"if","locations":[{"start":{"line":22,"column":2},"end":{"line":36,"column":null}},{"start":{},"end":{}}],"line":22}},"s":{"0":16,"1":16,"2":16,"3":16,"4":0,"5":16},"f":{"0":16},"b":{"0":[0,16]},"meta":{"lastBranch":1,"lastFunction":1,"lastStatement":6,"seen":{"f:12:16:12:27":0,"s:13:13:13:Infinity":0,"s:14:8:14:Infinity":1,"s:16:8:18:Infinity":2,"b:22:2:36:Infinity:undefined:undefined:undefined:undefined":0,"s:22:2:36:Infinity":3,"s:24:4:31:Infinity":4,"s:39:2:46:Infinity":5}}}
,"/home/ubuntu/duty-app/src/components/settings/UnitsTab.tsx": {"path":"/home/ubuntu/duty-app/src/components/settings/UnitsTab.tsx","statementMap":{"0":{"start":{"line":12,"column":23},"end":{"line":12,"column":null}},"1":{"start":{"line":13,"column":29},"end":{"line":13,"column":null}},"2":{"start":{"line":14,"column":52},"end":{"line":14,"column":null}},"3":{"start":{"line":15,"column":37},"end":{"line":15,"column":null}},"4":{"start":{"line":17,"column":25},"end":{"line":17,"column":null}},"5":{"start":{"line":20,"column":25},"end":{"line":20,"column":42}},"6":{"start":{"line":21,"column":23},"end":{"line":21,"column":39}},"7":{"start":{"line":22,"column":23},"end":{"line":22,"column":38}},"8":{"start":{"line":24,"column":2},"end":{"line":91,"column":null}},"9":{"start":{"line":74,"column":31},"end":{"line":74,"column":null}},"10":{"start":{"line":91,"column":54},"end":{"line":91,"column":null}}},"fnMap":{"0":{"name":"UnitsTab","decl":{"start":{"line":11,"column":16},"end":{"line":11,"column":null}},"loc":{"start":{"line":11,"column":16},"end":{"line":94,"column":null}},"line":11},"1":{"name":"(anonymous_1)","decl":{"start":{"line":74,"column":25},"end":{"line":74,"column":31}},"loc":{"start":{"line":74,"column":31},"end":{"line":74,"column":null}},"line":74},"2":{"name":"(anonymous_2)","decl":{"start":{"line":91,"column":48},"end":{"line":91,"column":54}},"loc":{"start":{"line":91,"column":54},"end":{"line":91,"column":null}},"line":91}},"branchMap":{"0":{"loc":{"start":{"line":17,"column":25},"end":{"line":17,"column":null}},"type":"binary-expr","locations":[{"start":{"line":17,"column":25},"end":{"line":17,"column":36}},{"start":{"line":17,"column":36},"end":{"line":17,"column":null}}],"line":17},"1":{"loc":{"start":{"line":28,"column":53},"end":{"line":28,"column":null}},"type":"cond-expr","locations":[{"start":{"line":28,"column":73},"end":{"line":28,"column":81}},{"start":{"line":28,"column":81},"end":{"line":28,"column":null}}],"line":28},"2":{"loc":{"start":{"line":42,"column":11},"end":{"line":83,"column":null}},"type":"cond-expr","locations":[{"start":{"line":42,"column":11},"end":{"line":80,"column":13}},{"start":{"line":80,"column":12},"end":{"line":83,"column":null}}],"line":42},"3":{"loc":{"start":{"line":45,"column":91},"end":{"line":45,"column":null}},"type":"cond-expr","locations":[{"start":{"line":45,"column":111},"end":{"line":45,"column":119}},{"start":{"line":45,"column":119},"end":{"line":45,"column":null}}],"line":45},"4":{"loc":{"start":{"line":50,"column":34},"end":{"line":50,"column":65}},"type":"cond-expr","locations":[{"start":{"line":50,"column":44},"end":{"line":50,"column":53}},{"start":{"line":50,"column":53},"end":{"line":50,"column":65}}],"line":50},"5":{"loc":{"start":{"line":51,"column":21},"end":{"line":51,"column":null}},"type":"cond-expr","locations":[{"start":{"line":51,"column":31},"end":{"line":51,"column":58}},{"start":{"line":51,"column":58},"end":{"line":51,"column":null}}],"line":51},"6":{"loc":{"start":{"line":54,"column":17},"end":{"line":66,"column":null}},"type":"cond-expr","locations":[{"start":{"line":54,"column":17},"end":{"line":58,"column":39}},{"start":{"line":58,"column":20},"end":{"line":66,"column":null}}],"line":54},"7":{"loc":{"start":{"line":58,"column":20},"end":{"line":66,"column":null}},"type":"cond-expr","locations":[{"start":{"line":58,"column":83},"end":{"line":63,"column":19}},{"start":{"line":63,"column":18},"end":{"line":66,"column":null}}],"line":58},"8":{"loc":{"start":{"line":58,"column":20},"end":{"line":58,"column":null}},"type":"binary-expr","locations":[{"start":{"line":58,"column":20},"end":{"line":58,"column":44}},{"start":{"line":58,"column":44},"end":{"line":58,"column":66}},{"start":{"line":58,"column":66},"end":{"line":58,"column":null}}],"line":58},"9":{"loc":{"start":{"line":80,"column":51},"end":{"line":80,"column":null}},"type":"cond-expr","locations":[{"start":{"line":80,"column":71},"end":{"line":80,"column":79}},{"start":{"line":80,"column":79},"end":{"line":80,"column":null}}],"line":80}},"s":{"0":15,"1":15,"2":15,"3":15,"4":15,"5":15,"6":15,"7":15,"8":15,"9":1,"10":0},"f":{"0":15,"1":1,"2":0},"b":{"0":[15,6],"1":[0,15],"2":[14,1],"3":[0,14],"4":[9,5],"5":[9,5],"6":[1,13],"7":[12,1],"8":[13,12,12],"9":[0,1]},"meta":{"lastBranch":10,"lastFunction":3,"lastStatement":11,"seen":{"f:11:16:11:Infinity":0,"s:12:23:12:Infinity":0,"s:13:29:13:Infinity":1,"s:14:52:14:Infinity":2,"s:15:37:15:Infinity":3,"s:17:25:17:Infinity":4,"b:17:25:17:36:17:36:17:Infinity":0,"s:20:25:20:42":5,"s:21:23:21:39":6,"s:22:23:22:38":7,"s:24:2:91:Infinity":8,"b:28:73:28:81:28:81:28:Infinity":1,"b:42:11:80:13:80:12:83:Infinity":2,"b:45:111:45:119:45:119:45:Infinity":3,"b:50:44:50:53:50:53:50:65":4,"b:51:31:51:58:51:58:51:Infinity":5,"b:54:17:58:39:58:20:66:Infinity":6,"b:58:83:63:19:63:18:66:Infinity":7,"b:58:20:58:44:58:44:58:66:58:66:58:Infinity":8,"f:74:25:74:31":1,"s:74:31:74:Infinity":9,"b:80:71:80:79:80:79:80:Infinity":9,"f:91:48:91:54":2,"s:91:54:91:Infinity":10}}}
,"/home/ubuntu/duty-app/src/components/ui/alert-dialog.tsx": {"path":"/home/ubuntu/duty-app/src/components/ui/alert-dialog.tsx","statementMap":{"0":{"start":{"line":7,"column":20},"end":{"line":7,"column":45}},"1":{"start":{"line":9,"column":27},"end":{"line":9,"column":55}},"2":{"start":{"line":11,"column":26},"end":{"line":11,"column":53}},"3":{"start":{"line":13,"column":27},"end":{"line":23,"column":null}},"4":{"start":{"line":16,"column":28},"end":{"line":23,"column":null}},"5":{"start":{"line":26,"column":0},"end":{"line":26,"column":null}},"6":{"start":{"line":28,"column":27},"end":{"line":40,"column":null}},"7":{"start":{"line":31,"column":28},"end":{"line":40,"column":null}},"8":{"start":{"line":44,"column":0},"end":{"line":44,"column":null}},"9":{"start":{"line":46,"column":26},"end":{"line":47,"column":null}},"10":{"start":{"line":46,"column":88},"end":{"line":47,"column":null}},"11":{"start":{"line":49,"column":0},"end":{"line":49,"column":null}},"12":{"start":{"line":51,"column":26},"end":{"line":52,"column":null}},"13":{"start":{"line":51,"column":88},"end":{"line":52,"column":null}},"14":{"start":{"line":54,"column":0},"end":{"line":54,"column":null}},"15":{"start":{"line":56,"column":25},"end":{"line":60,"column":null}},"16":{"start":{"line":59,"column":28},"end":{"line":60,"column":null}},"17":{"start":{"line":62,"column":0},"end":{"line":62,"column":null}},"18":{"start":{"line":64,"column":31},"end":{"line":68,"column":null}},"19":{"start":{"line":67,"column":28},"end":{"line":68,"column":null}},"20":{"start":{"line":70,"column":0},"end":{"line":70,"column":null}},"21":{"start":{"line":72,"column":26},"end":{"line":76,"column":null}},"22":{"start":{"line":75,"column":28},"end":{"line":76,"column":null}},"23":{"start":{"line":78,"column":0},"end":{"line":78,"column":null}},"24":{"start":{"line":80,"column":26},"end":{"line":87,"column":null}},"25":{"start":{"line":83,"column":28},"end":{"line":87,"column":null}},"26":{"start":{"line":90,"column":0},"end":{"line":90,"column":null}}},"fnMap":{"0":{"name":"(anonymous_0)","decl":{"start":{"line":16,"column":2},"end":{"line":16,"column":3}},"loc":{"start":{"line":16,"column":28},"end":{"line":23,"column":null}},"line":16},"1":{"name":"(anonymous_1)","decl":{"start":{"line":31,"column":2},"end":{"line":31,"column":3}},"loc":{"start":{"line":31,"column":28},"end":{"line":40,"column":null}},"line":31},"2":{"name":"(anonymous_2)","decl":{"start":{"line":46,"column":26},"end":{"line":46,"column":27}},"loc":{"start":{"line":46,"column":88},"end":{"line":47,"column":null}},"line":46},"3":{"name":"(anonymous_3)","decl":{"start":{"line":51,"column":26},"end":{"line":51,"column":27}},"loc":{"start":{"line":51,"column":88},"end":{"line":52,"column":null}},"line":51},"4":{"name":"(anonymous_4)","decl":{"start":{"line":59,"column":2},"end":{"line":59,"column":3}},"loc":{"start":{"line":59,"column":28},"end":{"line":60,"column":null}},"line":59},"5":{"name":"(anonymous_5)","decl":{"start":{"line":67,"column":2},"end":{"line":67,"column":3}},"loc":{"start":{"line":67,"column":28},"end":{"line":68,"column":null}},"line":67},"6":{"name":"(anonymous_6)","decl":{"start":{"line":75,"column":2},"end":{"line":75,"column":3}},"loc":{"start":{"line":75,"column":28},"end":{"line":76,"column":null}},"line":75},"7":{"name":"(anonymous_7)","decl":{"start":{"line":83,"column":2},"end":{"line":83,"column":3}},"loc":{"start":{"line":83,"column":28},"end":{"line":87,"column":null}},"line":83}},"branchMap":{},"s":{"0":3,"1":3,"2":3,"3":3,"4":0,"5":3,"6":3,"7":73,"8":3,"9":3,"10":0,"11":3,"12":3,"13":0,"14":3,"15":3,"16":0,"17":3,"18":3,"19":0,"20":3,"21":3,"22":0,"23":3,"24":3,"25":0,"26":3},"f":{"0":0,"1":73,"2":0,"3":0,"4":0,"5":0,"6":0,"7":0},"b":{},"meta":{"lastBranch":0,"lastFunction":8,"lastStatement":27,"seen":{"s:7:20:7:45":0,"s:9:27:9:55":1,"s:11:26:11:53":2,"s:13:27:23:Infinity":3,"f:16:2:16:3":0,"s:16:28:23:Infinity":4,"s:26:0:26:Infinity":5,"s:28:27:40:Infinity":6,"f:31:2:31:3":1,"s:31:28:40:Infinity":7,"s:44:0:44:Infinity":8,"s:46:26:47:Infinity":9,"f:46:26:46:27":2,"s:46:88:47:Infinity":10,"s:49:0:49:Infinity":11,"s:51:26:52:Infinity":12,"f:51:26:51:27":3,"s:51:88:52:Infinity":13,"s:54:0:54:Infinity":14,"s:56:25:60:Infinity":15,"f:59:2:59:3":4,"s:59:28:60:Infinity":16,"s:62:0:62:Infinity":17,"s:64:31:68:Infinity":18,"f:67:2:67:3":5,"s:67:28:68:Infinity":19,"s:70:0:70:Infinity":20,"s:72:26:76:Infinity":21,"f:75:2:75:3":6,"s:75:28:76:Infinity":22,"s:78:0:78:Infinity":23,"s:80:26:87:Infinity":24,"f:83:2:83:3":7,"s:83:28:87:Infinity":25,"s:90:0:90:Infinity":26}}}
,"/home/ubuntu/duty-app/src/components/ui/badge.tsx": {"path":"/home/ubuntu/duty-app/src/components/ui/badge.tsx","statementMap":{"0":{"start":{"line":6,"column":6},"end":{"line":24,"column":null}},"1":{"start":{"line":32,"column":2},"end":{"line":33,"column":null}}},"fnMap":{"0":{"name":"Badge","decl":{"start":{"line":31,"column":9},"end":{"line":31,"column":15}},"loc":{"start":{"line":31,"column":59},"end":{"line":35,"column":null}},"line":31}},"branchMap":{},"s":{"0":7,"1":294},"f":{"0":294},"b":{},"meta":{"lastBranch":0,"lastFunction":1,"lastStatement":2,"seen":{"s:6:6:24:Infinity":0,"f:31:9:31:15":0,"s:32:2:33:Infinity":1}}}
,"/home/ubuntu/duty-app/src/components/ui/button.tsx": {"path":"/home/ubuntu/duty-app/src/components/ui/button.tsx","statementMap":{"0":{"start":{"line":7,"column":6},"end":{"line":33,"column":null}},"1":{"start":{"line":42,"column":15},"end":{"line":52,"column":null}},"2":{"start":{"line":44,"column":17},"end":{"line":44,"column":null}},"3":{"start":{"line":45,"column":4},"end":{"line":49,"column":null}},"4":{"start":{"line":54,"column":0},"end":{"line":54,"column":null}}},"fnMap":{"0":{"name":"(anonymous_0)","decl":{"start":{"line":43,"column":2},"end":{"line":43,"column":3}},"loc":{"start":{"line":43,"column":60},"end":{"line":52,"column":null}},"line":43}},"branchMap":{"0":{"loc":{"start":{"line":43,"column":31},"end":{"line":43,"column":46}},"type":"default-arg","locations":[{"start":{"line":43,"column":41},"end":{"line":43,"column":46}}],"line":43},"1":{"loc":{"start":{"line":44,"column":17},"end":{"line":44,"column":null}},"type":"cond-expr","locations":[{"start":{"line":44,"column":27},"end":{"line":44,"column":34}},{"start":{"line":44,"column":34},"end":{"line":44,"column":null}}],"line":44}},"s":{"0":5,"1":5,"2":604,"3":604,"4":5},"f":{"0":604},"b":{"0":[604],"1":[0,604]},"meta":{"lastBranch":2,"lastFunction":1,"lastStatement":5,"seen":{"s:7:6:33:Infinity":0,"s:42:15:52:Infinity":1,"f:43:2:43:3":0,"b:43:41:43:46":0,"s:44:17:44:Infinity":2,"b:44:27:44:34:44:34:44:Infinity":1,"s:45:4:49:Infinity":3,"s:54:0:54:Infinity":4}}}
,"/home/ubuntu/duty-app/src/components/ui/card.tsx": {"path":"/home/ubuntu/duty-app/src/components/ui/card.tsx","statementMap":{"0":{"start":{"line":5,"column":13},"end":{"line":6,"column":null}},"1":{"start":{"line":5,"column":110},"end":{"line":6,"column":null}},"2":{"start":{"line":8,"column":0},"end":{"line":8,"column":null}},"3":{"start":{"line":10,"column":19},"end":{"line":12,"column":null}},"4":{"start":{"line":11,"column":28},"end":{"line":12,"column":null}},"5":{"start":{"line":15,"column":0},"end":{"line":15,"column":null}},"6":{"start":{"line":17,"column":18},"end":{"line":19,"column":null}},"7":{"start":{"line":18,"column":28},"end":{"line":19,"column":null}},"8":{"start":{"line":22,"column":0},"end":{"line":22,"column":null}},"9":{"start":{"line":24,"column":24},"end":{"line":26,"column":null}},"10":{"start":{"line":25,"column":28},"end":{"line":26,"column":null}},"11":{"start":{"line":29,"column":0},"end":{"line":29,"column":null}},"12":{"start":{"line":31,"column":20},"end":{"line":32,"column":null}},"13":{"start":{"line":32,"column":28},"end":{"line":32,"column":null}},"14":{"start":{"line":34,"column":0},"end":{"line":34,"column":null}},"15":{"start":{"line":36,"column":19},"end":{"line":38,"column":null}},"16":{"start":{"line":37,"column":28},"end":{"line":38,"column":null}},"17":{"start":{"line":41,"column":0},"end":{"line":41,"column":null}}},"fnMap":{"0":{"name":"(anonymous_0)","decl":{"start":{"line":5,"column":84},"end":{"line":5,"column":85}},"loc":{"start":{"line":5,"column":110},"end":{"line":6,"column":null}},"line":5},"1":{"name":"(anonymous_1)","decl":{"start":{"line":11,"column":2},"end":{"line":11,"column":3}},"loc":{"start":{"line":11,"column":28},"end":{"line":12,"column":null}},"line":11},"2":{"name":"(anonymous_2)","decl":{"start":{"line":18,"column":2},"end":{"line":18,"column":3}},"loc":{"start":{"line":18,"column":28},"end":{"line":19,"column":null}},"line":18},"3":{"name":"(anonymous_3)","decl":{"start":{"line":25,"column":2},"end":{"line":25,"column":3}},"loc":{"start":{"line":25,"column":28},"end":{"line":26,"column":null}},"line":25},"4":{"name":"(anonymous_4)","decl":{"start":{"line":32,"column":2},"end":{"line":32,"column":3}},"loc":{"start":{"line":32,"column":28},"end":{"line":32,"column":null}},"line":32},"5":{"name":"(anonymous_5)","decl":{"start":{"line":37,"column":2},"end":{"line":37,"column":3}},"loc":{"start":{"line":37,"column":28},"end":{"line":38,"column":null}},"line":37}},"branchMap":{},"s":{"0":6,"1":480,"2":6,"3":6,"4":334,"5":6,"6":6,"7":272,"8":6,"9":6,"10":310,"11":6,"12":6,"13":403,"14":6,"15":6,"16":0,"17":6},"f":{"0":480,"1":334,"2":272,"3":310,"4":403,"5":0},"b":{},"meta":{"lastBranch":0,"lastFunction":6,"lastStatement":18,"seen":{"s:5:13:6:Infinity":0,"f:5:84:5:85":0,"s:5:110:6:Infinity":1,"s:8:0:8:Infinity":2,"s:10:19:12:Infinity":3,"f:11:2:11:3":1,"s:11:28:12:Infinity":4,"s:15:0:15:Infinity":5,"s:17:18:19:Infinity":6,"f:18:2:18:3":2,"s:18:28:19:Infinity":7,"s:22:0:22:Infinity":8,"s:24:24:26:Infinity":9,"f:25:2:25:3":3,"s:25:28:26:Infinity":10,"s:29:0:29:Infinity":11,"s:31:20:32:Infinity":12,"f:32:2:32:3":4,"s:32:28:32:Infinity":13,"s:34:0:34:Infinity":14,"s:36:19:38:Infinity":15,"f:37:2:37:3":5,"s:37:28:38:Infinity":16,"s:41:0:41:Infinity":17}}}
,"/home/ubuntu/duty-app/src/components/ui/collapsible.tsx": {"path":"/home/ubuntu/duty-app/src/components/ui/collapsible.tsx","statementMap":{"0":{"start":{"line":3,"column":20},"end":{"line":3,"column":45}},"1":{"start":{"line":5,"column":27},"end":{"line":5,"column":66}},"2":{"start":{"line":7,"column":27},"end":{"line":7,"column":66}}},"fnMap":{},"branchMap":{},"s":{"0":3,"1":3,"2":3},"f":{},"b":{},"meta":{"lastBranch":0,"lastFunction":0,"lastStatement":3,"seen":{"s:3:20:3:45":0,"s:5:27:5:66":1,"s:7:27:7:66":2}}}
,"/home/ubuntu/duty-app/src/components/ui/dialog.tsx": {"path":"/home/ubuntu/duty-app/src/components/ui/dialog.tsx","statementMap":{"0":{"start":{"line":7,"column":15},"end":{"line":7,"column":35}},"1":{"start":{"line":9,"column":22},"end":{"line":9,"column":45}},"2":{"start":{"line":11,"column":21},"end":{"line":11,"column":43}},"3":{"start":{"line":13,"column":20},"end":{"line":13,"column":41}},"4":{"start":{"line":15,"column":22},"end":{"line":25,"column":null}},"5":{"start":{"line":18,"column":28},"end":{"line":25,"column":null}},"6":{"start":{"line":28,"column":0},"end":{"line":28,"column":null}},"7":{"start":{"line":30,"column":22},"end":{"line":47,"column":null}},"8":{"start":{"line":33,"column":38},"end":{"line":47,"column":null}},"9":{"start":{"line":52,"column":0},"end":{"line":52,"column":null}},"10":{"start":{"line":54,"column":21},"end":{"line":55,"column":null}},"11":{"start":{"line":54,"column":83},"end":{"line":55,"column":null}},"12":{"start":{"line":57,"column":0},"end":{"line":57,"column":null}},"13":{"start":{"line":59,"column":21},"end":{"line":60,"column":null}},"14":{"start":{"line":59,"column":83},"end":{"line":60,"column":null}},"15":{"start":{"line":62,"column":0},"end":{"line":62,"column":null}},"16":{"start":{"line":64,"column":20},"end":{"line":71,"column":null}},"17":{"start":{"line":67,"column":28},"end":{"line":71,"column":null}},"18":{"start":{"line":74,"column":0},"end":{"line":74,"column":null}},"19":{"start":{"line":76,"column":26},"end":{"line":80,"column":null}},"20":{"start":{"line":79,"column":28},"end":{"line":80,"column":null}},"21":{"start":{"line":82,"column":0},"end":{"line":82,"column":null}}},"fnMap":{"0":{"name":"(anonymous_0)","decl":{"start":{"line":18,"column":2},"end":{"line":18,"column":3}},"loc":{"start":{"line":18,"column":28},"end":{"line":25,"column":null}},"line":18},"1":{"name":"(anonymous_1)","decl":{"start":{"line":33,"column":2},"end":{"line":33,"column":3}},"loc":{"start":{"line":33,"column":38},"end":{"line":47,"column":null}},"line":33},"2":{"name":"(anonymous_2)","decl":{"start":{"line":54,"column":21},"end":{"line":54,"column":22}},"loc":{"start":{"line":54,"column":83},"end":{"line":55,"column":null}},"line":54},"3":{"name":"(anonymous_3)","decl":{"start":{"line":59,"column":21},"end":{"line":59,"column":22}},"loc":{"start":{"line":59,"column":83},"end":{"line":60,"column":null}},"line":59},"4":{"name":"(anonymous_4)","decl":{"start":{"line":67,"column":2},"end":{"line":67,"column":3}},"loc":{"start":{"line":67,"column":28},"end":{"line":71,"column":null}},"line":67},"5":{"name":"(anonymous_5)","decl":{"start":{"line":79,"column":2},"end":{"line":79,"column":3}},"loc":{"start":{"line":79,"column":28},"end":{"line":80,"column":null}},"line":79}},"branchMap":{},"s":{"0":5,"1":5,"2":5,"3":5,"4":5,"5":94,"6":5,"7":5,"8":337,"9":5,"10":5,"11":77,"12":5,"13":5,"14":77,"15":5,"16":5,"17":77,"18":5,"19":5,"20":39,"21":5},"f":{"0":94,"1":337,"2":77,"3":77,"4":77,"5":39},"b":{},"meta":{"lastBranch":0,"lastFunction":6,"lastStatement":22,"seen":{"s:7:15:7:35":0,"s:9:22:9:45":1,"s:11:21:11:43":2,"s:13:20:13:41":3,"s:15:22:25:Infinity":4,"f:18:2:18:3":0,"s:18:28:25:Infinity":5,"s:28:0:28:Infinity":6,"s:30:22:47:Infinity":7,"f:33:2:33:3":1,"s:33:38:47:Infinity":8,"s:52:0:52:Infinity":9,"s:54:21:55:Infinity":10,"f:54:21:54:22":2,"s:54:83:55:Infinity":11,"s:57:0:57:Infinity":12,"s:59:21:60:Infinity":13,"f:59:21:59:22":3,"s:59:83:60:Infinity":14,"s:62:0:62:Infinity":15,"s:64:20:71:Infinity":16,"f:67:2:67:3":4,"s:67:28:71:Infinity":17,"s:74:0:74:Infinity":18,"s:76:26:80:Infinity":19,"f:79:2:79:3":5,"s:79:28:80:Infinity":20,"s:82:0:82:Infinity":21}}}
,"/home/ubuntu/duty-app/src/components/ui/input.tsx": {"path":"/home/ubuntu/duty-app/src/components/ui/input.tsx","statementMap":{"0":{"start":{"line":5,"column":14},"end":{"line":18,"column":null}},"1":{"start":{"line":7,"column":4},"end":{"line":15,"column":null}},"2":{"start":{"line":20,"column":0},"end":{"line":20,"column":null}}},"fnMap":{"0":{"name":"(anonymous_0)","decl":{"start":{"line":6,"column":2},"end":{"line":6,"column":3}},"loc":{"start":{"line":6,"column":34},"end":{"line":18,"column":null}},"line":6}},"branchMap":{},"s":{"0":5,"1":82,"2":5},"f":{"0":82},"b":{},"meta":{"lastBranch":0,"lastFunction":1,"lastStatement":3,"seen":{"s:5:14:18:Infinity":0,"f:6:2:6:3":0,"s:7:4:15:Infinity":1,"s:20:0:20:Infinity":2}}}
[...]
nd":{"line":125,"column":null}},{"start":{},"end":{}}],"line":125},"15":{"loc":{"start":{"line":126,"column":6},"end":{"line":126,"column":null}},"type":"if","locations":[{"start":{"line":126,"column":6},"end":{"line":126,"column":null}},{"start":{},"end":{}}],"line":126},"16":{"loc":{"start":{"line":127,"column":6},"end":{"line":127,"column":null}},"type":"if","locations":[{"start":{"line":127,"column":6},"end":{"line":127,"column":null}},{"start":{},"end":{}}],"line":127},"17":{"loc":{"start":{"line":133,"column":6},"end":{"line":158,"column":null}},"type":"if","locations":[{"start":{"line":133,"column":6},"end":{"line":158,"column":null}},{"start":{},"end":{}}],"line":133},"18":{"loc":{"start":{"line":140,"column":10},"end":{"line":153,"column":null}},"type":"if","locations":[{"start":{"line":140,"column":10},"end":{"line":153,"column":null}},{"start":{"line":151,"column":17},"end":{"line":153,"column":null}}],"line":140},"19":{"loc":{"start":{"line":147,"column":12},"end":{"line":149,"column":null}},"type":"if","locations":[{"start":{"line":147,"column":12},"end":{"line":149,"column":null}},{"start":{},"end":{}}],"line":147}},"s":{"0":14,"1":14,"2":14,"3":14,"4":9,"5":0,"6":9,"7":14,"8":9,"9":2,"10":7,"11":4,"12":3,"13":14,"14":5,"15":5,"16":5,"17":5,"18":5,"19":4,"20":4,"21":4,"22":4,"23":1,"24":1,"25":14,"26":7,"27":7,"28":7,"29":7,"30":3,"31":7,"32":1,"33":7,"34":1,"35":7,"36":1,"37":7,"38":4,"39":7,"40":1,"41":7,"42":6,"43":4,"44":4,"45":4,"46":4,"47":4,"48":3,"49":3,"50":3,"51":2,"52":3,"53":1,"54":1,"55":6,"56":6,"57":6,"58":1,"59":1,"60":14,"61":2,"62":2,"63":2,"64":1,"65":1,"66":1,"67":1,"68":1,"69":14},"f":{"0":14,"1":9,"2":14,"3":5,"4":7,"5":2},"b":{"0":[0,9],"1":[2,7],"2":[4,3],"3":[3,0],"4":[3,2],"5":[5,2],"6":[5,5],"7":[2,3],"8":[3,1],"9":[4,1],"10":[5,4],"11":[3,4],"12":[1,6],"13":[1,6],"14":[1,6],"15":[4,3],"16":[1,6],"17":[4,2],"18":[3,1],"19":[2,1]},"meta":{"lastBranch":20,"lastFunction":6,"lastStatement":70,"seen":{"f:35:16:35:Infinity":0,"s:49:3:49:Infinity":0,"s:50:17:50:Infinity":1,"s:51:13:51:Infinity":2,"s:54:26:60:Infinity":3,"f:54:26:54:27":1,"b:55:4:55:Infinity:undefined:undefined:undefined:undefined":0,"s:55:4:55:Infinity":4,"s:55:17:55:Infinity":5,"s:56:17:56:Infinity":6,"f:56:28:56:29":2,"s:56:35:56:Infinity":7,"b:57:4:57:Infinity:undefined:undefined:undefined:undefined":1,"s:57:4:57:Infinity":8,"s:57:15:57:Infinity":9,"b:58:4:58:Infinity:undefined:undefined:undefined:undefined":2,"s:58:4:58:Infinity":10,"s:58:40:58:Infinity":11,"s:59:4:59:Infinity":12,"b:59:27:59:41:59:45:59:Infinity":3,"s:62:21:115:Infinity":13,"f:62:21:62:28":3,"s:68:4:114:Infinity":14,"s:69:12:69:Infinity":15,"s:73:12:73:Infinity":16,"s:74:32:76:Infinity":17,"b:75:10:75:Infinity:76:10:76:Infinity":4,"s:78:6:89:Infinity":18,"b:81:18:81:32:81:36:81:Infinity":5,"b:82:21:82:37:82:41:82:Infinity":6,"b:88:54:88:63:88:67:88:Infinity":7,"b:88:67:88:88:88:88:88:Infinity":8,"s:91:51:95:Infinity":19,"s:97:6:97:Infinity":20,"s:98:6:98:Infinity":21,"s:100:6:110:Infinity":22,"b:104:19:104:33:104:37:104:Infinity":9,"b:105:21:105:37:105:41:105:Infinity":10,"s:112:6:112:Infinity":23,"s:113:6:113:Infinity":24,"s:117:21:167:Infinity":25,"f:117:21:117:28":4,"s:118:4:166:Infinity":26,"s:119:12:119:Infinity":27,"s:120:88:120:Infinity":28,"b:122:6:122:Infinity:undefined:undefined:undefined:undefined":11,"s:122:6:122:Infinity":29,"s:122:35:122:Infinity":30,"b:123:6:123:Infinity:undefined:undefined:undefined:undefined":12,"s:123:6:123:Infinity":31,"s:123:40:123:Infinity":32,"b:124:6:124:Infinity:undefined:undefined:undefined:undefined":13,"s:124:6:124:Infinity":33,"s:124:40:124:Infinity":34,"b:125:6:125:Infinity:undefined:undefined:undefined:undefined":14,"s:125:6:125:Infinity":35,"s:125:42:125:Infinity":36,"b:126:6:126:Infinity:undefined:undefined:undefined:undefined":15,"s:126:6:126:Infinity":37,"s:126:40:126:Infinity":38,"b:127:6:127:Infinity:undefined:undefined:undefined:undefined":16,"s:127:6:127:Infinity":39,"s:127:37:127:Infinity":40,"s:129:6:129:Infinity":41,"b:133:6:158:Infinity:undefined:undefined:undefined:undefined":17,"s:133:6:158:Infinity":42,"s:134:25:134:39":43,"s:135:8:157:Infinity":44,"s:137:16:137:Infinity":45,"s:138:27:138:Infinity":46,"b:140:10:153:Infinity:151:17:153:Infinity":18,"s:140:10:153:Infinity":47,"s:142:32:142:Infinity":48,"s:143:56:146:Infinity":49,"b:147:12:149:Infinity:undefined:undefined:undefined:undefined":19,"s:147:12:149:Infinity":50,"s:148:14:148:Infinity":51,"s:150:12:150:Infinity":52,"s:152:12:152:Infinity":53,"s:156:10:156:Infinity":54,"s:160:6:160:Infinity":55,"s:161:6:161:Infinity":56,"s:162:6:162:Infinity":57,"s:164:6:164:Infinity":58,"s:165:6:165:Infinity":59,"s:169:23:181:Infinity":60,"f:169:23:169:30":5,"s:170:4:180:Infinity":61,"s:171:12:171:Infinity":62,"s:172:6:172:Infinity":63,"s:174:6:174:Infinity":64,"s:175:6:175:Infinity":65,"s:176:6:176:Infinity":66,"s:178:6:178:Infinity":67,"s:179:6:179:Infinity":68,"s:183:2:199:Infinity":69}}}
,"/home/ubuntu/duty-app/src/hooks/useUserBattalion.tsx": {"path":"/home/ubuntu/duty-app/src/hooks/useUserBattalion.tsx","statementMap":{"0":{"start":{"line":16,"column":16},"end":{"line":16,"column":null}},"1":{"start":{"line":17,"column":27},"end":{"line":17,"column":null}},"2":{"start":{"line":18,"column":37},"end":{"line":18,"column":null}},"3":{"start":{"line":19,"column":29},"end":{"line":19,"column":null}},"4":{"start":{"line":20,"column":25},"end":{"line":20,"column":null}},"5":{"start":{"line":22,"column":8},"end":{"line":106,"column":null}},"6":{"start":{"line":23,"column":4},"end":{"line":28,"column":null}},"7":{"start":{"line":24,"column":6},"end":{"line":24,"column":null}},"8":{"start":{"line":25,"column":6},"end":{"line":25,"column":null}},"9":{"start":{"line":26,"column":6},"end":{"line":26,"column":null}},"10":{"start":{"line":27,"column":6},"end":{"line":27,"column":null}},"11":{"start":{"line":30,"column":4},"end":{"line":105,"column":null}},"12":{"start":{"line":31,"column":6},"end":{"line":31,"column":null}},"13":{"start":{"line":32,"column":6},"end":{"line":32,"column":null}},"14":{"start":{"line":38,"column":6},"end":{"line":48,"column":null}},"15":{"start":{"line":39,"column":8},"end":{"line":45,"column":null}},"16":{"start":{"line":40,"column":32},"end":{"line":40,"column":null}},"17":{"start":{"line":41,"column":10},"end":{"line":41,"column":null}},"18":{"start":{"line":42,"column":10},"end":{"line":42,"column":null}},"19":{"start":{"line":44,"column":10},"end":{"line":44,"column":null}},"20":{"start":{"line":47,"column":8},"end":{"line":47,"column":null}},"21":{"start":{"line":50,"column":29},"end":{"line":52,"column":null}},"22":{"start":{"line":51,"column":8},"end":{"line":51,"column":null}},"23":{"start":{"line":51,"column":25},"end":{"line":51,"column":81}},"24":{"start":{"line":55,"column":12},"end":{"line":55,"column":null}},"25":{"start":{"line":56,"column":23},"end":{"line":56,"column":null}},"26":{"start":{"line":58,"column":6},"end":{"line":62,"column":null}},"27":{"start":{"line":59,"column":8},"end":{"line":59,"column":null}},"28":{"start":{"line":60,"column":8},"end":{"line":60,"column":null}},"29":{"start":{"line":61,"column":8},"end":{"line":61,"column":null}},"30":{"start":{"line":64,"column":23},"end":{"line":64,"column":null}},"31":{"start":{"line":65,"column":25},"end":{"line":65,"column":null}},"32":{"start":{"line":66,"column":6},"end":{"line":66,"column":null}},"33":{"start":{"line":67,"column":6},"end":{"line":67,"column":null}},"34":{"start":{"line":70,"column":6},"end":{"line":76,"column":null}},"35":{"start":{"line":71,"column":8},"end":{"line":71,"column":null}},"36":{"start":{"line":72,"column":8},"end":{"line":72,"column":null}},"37":{"start":{"line":73,"column":8},"end":{"line":73,"column":null}},"38":{"start":{"line":75,"column":8},"end":{"line":75,"column":null}},"39":{"start":{"line":80,"column":6},"end":{"line":83,"column":null}},"40":{"start":{"line":81,"column":8},"end":{"line":81,"column":null}},"41":{"start":{"line":82,"column":8},"end":{"line":82,"column":null}},"42":{"start":{"line":85,"column":12},"end":{"line":85,"column":null}},"43":{"start":{"line":86,"column":23},"end":{"line":86,"column":null}},"44":{"start":{"line":88,"column":6},"end":{"line":97,"column":null}},"45":{"start":{"line":89,"column":25},"end":{"line":89,"column":null}},"46":{"start":{"line":90,"column":36},"end":{"line":90,"column":null}},"47":{"start":{"line":91,"column":8},"end":{"line":91,"column":null}},"48":{"start":{"line":92,"column":8},"end":{"line":92,"column":null}},"49":{"start":{"line":95,"column":8},"end":{"line":95,"column":null}},"50":{"start":{"line":96,"column":8},"end":{"line":96,"column":null}},"51":{"start":{"line":99,"column":6},"end":{"line":99,"column":null}},"52":{"start":{"line":100,"column":6},"end":{"line":100,"column":null}},"53":{"start":{"line":101,"column":6},"end":{"line":101,"column":null}},"54":{"start":{"line":102,"column":6},"end":{"line":102,"column":null}},"55":{"start":{"line":104,"column":6},"end":{"line":104,"column":null}},"56":{"start":{"line":108,"column":2},"end":{"line":110,"column":null}},"57":{"start":{"line":109,"column":4},"end":{"line":109,"column":null}},"58":{"start":{"line":112,"column":2},"end":{"line":118,"column":null}}},"fnMap":{"0":{"name":"useUserBattalion","decl":{"start":{"line":15,"column":16},"end":{"line":15,"column":null}},"loc":{"start":{"line":15,"column":16},"end":{"line":119,"column":null}},"line":15},"1":{"name":"(anonymous_1)","decl":{"start":{"line":22,"column":32},"end":{"line":22,"column":null}},"loc":{"start":{"line":22,"column":32},"end":{"line":106,"column":5}},"line":22},"2":{"name":"(anonymous_2)","decl":{"start":{"line":50,"column":48},"end":{"line":50,"column":49}},"loc":{"start":{"line":50,"column":52},"end":{"line":52,"column":null}},"line":50},"3":{"name":"(anonymous_3)","decl":{"start":{"line":51,"column":19},"end":{"line":51,"column":25}},"loc":{"start":{"line":51,"column":25},"end":{"line":51,"column":81}},"line":51},"4":{"name":"(anonymous_4)","decl":{"start":{"line":108,"column":12},"end":{"line":108,"column":null}},"loc":{"start":{"line":108,"column":12},"end":{"line":110,"column":5}},"line":108}},"branchMap":{"0":{"loc":{"start":{"line":23,"column":4},"end":{"line":28,"column":null}},"type":"if","locations":[{"start":{"line":23,"column":4},"end":{"line":28,"column":null}},{"start":{},"end":{}}],"line":23},"1":{"loc":{"start":{"line":38,"column":6},"end":{"line":48,"column":null}},"type":"if","locations":[{"start":{"line":38,"column":6},"end":{"line":48,"column":null}},{"start":{"line":46,"column":13},"end":{"line":48,"column":null}}],"line":38},"2":{"loc":{"start":{"line":58,"column":6},"end":{"line":62,"column":null}},"type":"if","locations":[{"start":{"line":58,"column":6},"end":{"line":62,"column":null}},{"start":{},"end":{}}],"line":58},"3":{"loc":{"start":{"line":60,"column":23},"end":{"line":60,"column":null}},"type":"binary-expr","locations":[{"start":{"line":60,"column":23},"end":{"line":60,"column":44}},{"start":{"line":60,"column":44},"end":{"line":60,"column":null}}],"line":60},"4":{"loc":{"start":{"line":65,"column":25},"end":{"line":65,"column":null}},"type":"binary-expr","locations":[{"start":{"line":65,"column":25},"end":{"line":65,"column":40}},{"start":{"line":65,"column":44},"end":{"line":65,"column":null}}],"line":65},"5":{"loc":{"start":{"line":70,"column":6},"end":{"line":76,"column":null}},"type":"if","locations":[{"start":{"line":70,"column":6},"end":{"line":76,"column":null}},{"start":{"line":74,"column":13},"end":{"line":76,"column":null}}],"line":70},"6":{"loc":{"start":{"line":80,"column":6},"end":{"line":83,"column":null}},"type":"if","locations":[{"start":{"line":80,"column":6},"end":{"line":83,"column":null}},{"start":{},"end":{}}],"line":80},"7":{"loc":{"start":{"line":88,"column":6},"end":{"line":97,"column":null}},"type":"if","locations":[{"start":{"line":88,"column":6},"end":{"line":97,"column":null}},{"start":{"line":93,"column":13},"end":{"line":97,"column":null}}],"line":88},"8":{"loc":{"start":{"line":90,"column":36},"end":{"line":90,"column":null}},"type":"binary-expr","locations":[{"start":{"line":90,"column":36},"end":{"line":90,"column":56}},{"start":{"line":90,"column":60},"end":{"line":90,"column":null}}],"line":90}},"s":{"0":64,"1":64,"2":64,"3":64,"4":64,"5":64,"6":24,"7":1,"8":1,"9":1,"10":1,"11":23,"12":23,"13":23,"14":23,"15":0,"16":0,"17":0,"18":0,"19":0,"20":23,"21":23,"22":23,"23":0,"24":23,"25":23,"26":23,"27":19,"28":19,"29":19,"30":4,"31":4,"32":24,"33":24,"34":24,"35":0,"36":0,"37":0,"38":4,"39":4,"40":0,"41":0,"42":4,"43":4,"44":4,"45":3,"46":3,"47":3,"48":3,"49":1,"50":1,"51":0,"52":0,"53":0,"54":0,"55":23,"56":64,"57":24,"58":64},"f":{"0":64,"1":24,"2":23,"3":0,"4":24},"b":{"0":[1,23],"1":[0,23],"2":[19,4],"3":[19,19],"4":[4,0],"5":[0,4],"6":[0,4],"7":[3,1],"8":[3,0]},"meta":{"lastBranch":9,"lastFunction":5,"lastStatement":59,"seen":{"f:15:16:15:Infinity":0,"s:16:16:16:Infinity":0,"s:17:27:17:Infinity":1,"s:18:37:18:Infinity":2,"s:19:29:19:Infinity":3,"s:20:25:20:Infinity":4,"s:22:8:106:Infinity":5,"f:22:32:22:Infinity":1,"b:23:4:28:Infinity:undefined:undefined:undefined:undefined":0,"s:23:4:28:Infinity":6,"s:24:6:24:Infinity":7,"s:25:6:25:Infinity":8,"s:26:6:26:Infinity":9,"s:27:6:27:Infinity":10,"s:30:4:105:Infinity":11,"s:31:6:31:Infinity":12,"s:32:6:32:Infinity":13,"b:38:6:48:Infinity:46:13:48:Infinity":1,"s:38:6:48:Infinity":14,"s:39:8:45:Infinity":15,"s:40:32:40:Infinity":16,"s:41:10:41:Infinity":17,"s:42:10:42:Infinity":18,"s:44:10:44:Infinity":19,"s:47:8:47:Infinity":20,"s:50:29:52:Infinity":21,"f:50:48:50:49":2,"s:51:8:51:Infinity":22,"f:51:19:51:25":3,"s:51:25:51:81":23,"s:55:12:55:Infinity":24,"s:56:23:56:Infinity":25,"b:58:6:62:Infinity:undefined:undefined:undefined:undefined":2,"s:58:6:62:Infinity":26,"s:59:8:59:Infinity":27,"s:60:8:60:Infinity":28,"b:60:23:60:44:60:44:60:Infinity":3,"s:61:8:61:Infinity":29,"s:64:23:64:Infinity":30,"s:65:25:65:Infinity":31,"b:65:25:65:40:65:44:65:Infinity":4,"s:66:6:66:Infinity":32,"s:67:6:67:Infinity":33,"b:70:6:76:Infinity:74:13:76:Infinity":5,"s:70:6:76:Infinity":34,"s:71:8:71:Infinity":35,"s:72:8:72:Infinity":36,"s:73:8:73:Infinity":37,"s:75:8:75:Infinity":38,"b:80:6:83:Infinity:undefined:undefined:undefined:undefined":6,"s:80:6:83:Infinity":39,"s:81:8:81:Infinity":40,"s:82:8:82:Infinity":41,"s:85:12:85:Infinity":42,"s:86:23:86:Infinity":43,"b:88:6:97:Infinity:93:13:97:Infinity":7,"s:88:6:97:Infinity":44,"s:89:25:89:Infinity":45,"s:90:36:90:Infinity":46,"b:90:36:90:56:90:60:90:Infinity":8,"s:91:8:91:Infinity":47,"s:92:8:92:Infinity":48,"s:95:8:95:Infinity":49,"s:96:8:96:Infinity":50,"s:99:6:99:Infinity":51,"s:100:6:100:Infinity":52,"s:101:6:101:Infinity":53,"s:102:6:102:Infinity":54,"s:104:6:104:Infinity":55,"s:108:2:110:Infinity":56,"f:108:12:108:Infinity":4,"s:109:4:109:Infinity":57,"s:112:2:118:Infinity":58}}}
,"/home/ubuntu/duty-app/src/i18n/translations.ts": {"path":"/home/ubuntu/duty-app/src/i18n/translations.ts","statementMap":{"0":{"start":{"line":3,"column":28},"end":{"line":1194,"column":null}}},"fnMap":{},"branchMap":{},"s":{"0":3},"f":{},"b":{},"meta":{"lastBranch":0,"lastFunction":0,"lastStatement":1,"seen":{"s:3:28:1194:Infinity":0}}}
,"/home/ubuntu/duty-app/src/lib/utils.ts": {"path":"/home/ubuntu/duty-app/src/lib/utils.ts","statementMap":{"0":{"start":{"line":5,"column":2},"end":{"line":5,"column":null}}},"fnMap":{"0":{"name":"cn","decl":{"start":{"line":4,"column":16},"end":{"line":4,"column":19}},"loc":{"start":{"line":4,"column":42},"end":{"line":6,"column":null}},"line":4}},"branchMap":{},"s":{"0":5430},"f":{"0":5430},"b":{},"meta":{"lastBranch":0,"lastFunction":1,"lastStatement":1,"seen":{"f:4:16:4:19":0,"s:5:2:5:Infinity":0}}}
,"/home/ubuntu/duty-app/src/lib/version.ts": {"path":"/home/ubuntu/duty-app/src/lib/version.ts","statementMap":{"0":{"start":{"line":12,"column":2},"end":{"line":12,"column":null}},"1":{"start":{"line":16,"column":2},"end":{"line":16,"column":null}},"2":{"start":{"line":21,"column":2},"end":{"line":21,"column":null}},"3":{"start":{"line":25,"column":2},"end":{"line":25,"column":null}},"4":{"start":{"line":29,"column":18},"end":{"line":29,"column":null}},"5":{"start":{"line":30,"column":18},"end":{"line":30,"column":null}},"6":{"start":{"line":32,"column":2},"end":{"line":38,"column":null}},"7":{"start":{"line":32,"column":15},"end":{"line":32,"column":18}},"8":{"start":{"line":33,"column":19},"end":{"line":33,"column":null}},"9":{"start":{"line":34,"column":19},"end":{"line":34,"column":null}},"10":{"start":{"line":36,"column":4},"end":{"line":36,"column":null}},"11":{"start":{"line":36,"column":25},"end":{"line":36,"column":null}},"12":{"start":{"line":37,"column":4},"end":{"line":37,"column":null}},"13":{"start":{"line":37,"column":25},"end":{"line":37,"column":null}},"14":{"start":{"line":40,"column":2},"end":{"line":40,"column":null}},"15":{"start":{"line":44,"column":2},"end":{"line":44,"column":null}}},"fnMap":{"0":{"name":"getAppVersion","decl":{"start":{"line":11,"column":16},"end":{"line":11,"column":null}},"loc":{"start":{"line":11,"column":16},"end":{"line":13,"column":null}},"line":11},"1":{"name":"getBuildTime","decl":{"start":{"line":15,"column":16},"end":{"line":15,"column":null}},"loc":{"start":{"line":15,"column":16},"end":{"line":17,"column":null}},"line":15},"2":{"name":"getBuildDate","decl":{"start":{"line":19,"column":16},"end":{"line":19,"column":null}},"loc":{"start":{"line":19,"column":16},"end":{"line":22,"column":null}},"line":19},"3":{"name":"getFullVersionString","decl":{"start":{"line":24,"column":16},"end":{"line":24,"column":null}},"loc":{"start":{"line":24,"column":16},"end":{"line":26,"column":null}},"line":24},"4":{"name":"compareVersions","decl":{"start":{"line":28,"column":16},"end":{"line":28,"column":32}},"loc":{"start":{"line":28,"column":66},"end":{"line":41,"column":null}},"line":28},"5":{"name":"isNewerVersion","decl":{"start":{"line":43,"column":16},"end":{"line":43,"column":31}},"loc":{"start":{"line":43,"column":73},"end":{"line":45,"column":null}},"line":43}},"branchMap":{"0":{"loc":{"start":{"line":33,"column":19},"end":{"line":33,"column":null}},"type":"binary-expr","locations":[{"start":{"line":33,"column":19},"end":{"line":33,"column":29}},{"start":{"line":33,"column":33},"end":{"line":33,"column":null}}],"line":33},"1":{"loc":{"start":{"line":34,"column":19},"end":{"line":34,"column":null}},"type":"binary-expr","locations":[{"start":{"line":34,"column":19},"end":{"line":34,"column":29}},{"start":{"line":34,"column":33},"end":{"line":34,"column":null}}],"line":34},"2":{"loc":{"start":{"line":36,"column":4},"end":{"line":36,"column":null}},"type":"if","locations":[{"start":{"line":36,"column":4},"end":{"line":36,"column":null}},{"start":{},"end":{}}],"line":36},"3":{"loc":{"start":{"line":37,"column":4},"end":{"line":37,"column":null}},"type":"if","locations":[{"start":{"line":37,"column":4},"end":{"line":37,"column":null}},{"start":{},"end":{}}],"line":37}},"s":{"0":58,"1":0,"2":4,"3":1,"4":23,"5":23,"6":23,"7":23,"8":48,"9":48,"10":48,"11":9,"12":39,"13":8,"14":6,"15":9},"f":{"0":58,"1":0,"2":4,"3":1,"4":23,"5":9},"b":{"0":[48,19],"1":[48,20],"2":[9,39],"3":[8,31]},"meta":{"lastBranch":4,"lastFunction":6,"lastStatement":16,"seen":{"f:11:16:11:Infinity":0,"s:12:2:12:Infinity":0,"f:15:16:15:Infinity":1,"s:16:2:16:Infinity":1,"f:19:16:19:Infinity":2,"s:21:2:21:Infinity":2,"f:24:16:24:Infinity":3,"s:25:2:25:Infinity":3,"f:28:16:28:32":4,"s:29:18:29:Infinity":4,"s:30:18:30:Infinity":5,"s:32:2:38:Infinity":6,"s:32:15:32:18":7,"s:33:19:33:Infinity":8,"b:33:19:33:29:33:33:33:Infinity":0,"s:34:19:34:Infinity":9,"b:34:19:34:29:34:33:34:Infinity":1,"b:36:4:36:Infinity:undefined:undefined:undefined:undefined":2,"s:36:4:36:Infinity":10,"s:36:25:36:Infinity":11,"b:37:4:37:Infinity:undefined:undefined:undefined:undefined":3,"s:37:4:37:Infinity":12,"s:37:25:37:Infinity":13,"s:40:2:40:Infinity":14,"f:43:16:43:31":5,"s:44:2:44:Infinity":15}}}
}
